iteration
iteration
iteration
iteration
iteration
iteration
iteration
iteration
iteration
iteration
iteration
iteration
iteration
iteration
iteration
iteration
iteration
iteration
iteration
iteration
iteration
iteration
iteration
iteration
iteration
iteration
iteration
iteration
iteration
iteration
iteration
iteration
iteration
iteration
iteration
iteration
Using TensorFlow backend.
WARNING: Logging before flag parsing goes to stderr.
W1005 13:36:53.441903 139782219540224 deprecation_wrapper.py:119] From /home/t_shimizu/.pyenv/versions/anaconda3-2019.03/lib/python3.7/site-packages/keras/backend/tensorflow_backend.py:95: The name tf.reset_default_graph is deprecated. Please use tf.compat.v1.reset_default_graph instead.

W1005 13:36:53.442117 139782219540224 deprecation_wrapper.py:119] From /home/t_shimizu/.pyenv/versions/anaconda3-2019.03/lib/python3.7/site-packages/keras/backend/tensorflow_backend.py:98: The name tf.placeholder_with_default is deprecated. Please use tf.compat.v1.placeholder_with_default instead.

W1005 13:36:53.454241 139782219540224 deprecation_wrapper.py:119] From /home/t_shimizu/.pyenv/versions/anaconda3-2019.03/lib/python3.7/site-packages/keras/backend/tensorflow_backend.py:102: The name tf.get_default_graph is deprecated. Please use tf.compat.v1.get_default_graph instead.

W1005 13:36:53.529084 139782219540224 deprecation_wrapper.py:119] From /home/t_shimizu/.pyenv/versions/anaconda3-2019.03/lib/python3.7/site-packages/keras/backend/tensorflow_backend.py:517: The name tf.placeholder is deprecated. Please use tf.compat.v1.placeholder instead.

W1005 13:36:53.530952 139782219540224 deprecation_wrapper.py:119] From /home/t_shimizu/.pyenv/versions/anaconda3-2019.03/lib/python3.7/site-packages/keras/backend/tensorflow_backend.py:4138: The name tf.random_uniform is deprecated. Please use tf.random.uniform instead.

W1005 13:36:53.612024 139782219540224 deprecation_wrapper.py:119] From /home/t_shimizu/.pyenv/versions/anaconda3-2019.03/lib/python3.7/site-packages/keras/optimizers.py:790: The name tf.train.Optimizer is deprecated. Please use tf.compat.v1.train.Optimizer instead.

W1005 13:36:53.690078 139782219540224 deprecation.py:323] From /home/t_shimizu/.pyenv/versions/anaconda3-2019.03/lib/python3.7/site-packages/tensorflow/python/ops/math_grad.py:1250: add_dispatch_support.<locals>.wrapper (from tensorflow.python.ops.array_ops) is deprecated and will be removed in a future version.
Instructions for updating:
Use tf.where in 2.0, which has the same broadcast rule as np.where
2019-10-05 13:36:53.907199: I tensorflow/core/platform/cpu_feature_guard.cc:142] Your CPU supports instructions that this TensorFlow binary was not compiled to use: AVX2 FMA
2019-10-05 13:36:53.911824: I tensorflow/core/platform/profile_utils/cpu_utils.cc:94] CPU Frequency: 3492170000 Hz
2019-10-05 13:36:53.912351: I tensorflow/compiler/xla/service/service.cc:168] XLA service 0x5583c3171490 executing computations on platform Host. Devices:
2019-10-05 13:36:53.912383: I tensorflow/compiler/xla/service/service.cc:175]   StreamExecutor device (0): <undefined>, <undefined>
2019-10-05 13:36:54.011282: W tensorflow/compiler/jit/mark_for_compilation_pass.cc:1412] (One-time warning): Not using XLA:CPU for cluster because envvar TF_XLA_FLAGS=--tf_xla_cpu_global_jit was not set.  If you want XLA:CPU, either set that envvar, or use experimental_jit_scope to enable XLA:CPU.  To confirm that XLA is active, pass --vmodule=xla_compilation_cache=1 (as a proper command-line flag, not via TF_XLA_FLAGS) or set the envvar XLA_FLAGS=--xla_hlo_profile.
[I 2019-10-05 13:59:14,597] Finished trial#0 resulted in value: 0.11431870670893084. Current best value is 0.11431870670893084 with parameters: {'n_conv2d_layers': 4, 'n_filters_|0': 49, 'n_filters_|1': 62, 'n_filters_|2': 52, 'n_filters_|3': 53, 'n_layers': 2, 'n_units_l0': 273.0135232711391, 'n_units_l1': 613.7940923534967, 'lr': 0.08581383976534393}.
[I 2019-10-05 14:33:37,125] Finished trial#1 resulted in value: 0.2090069284064665. Current best value is 0.2090069284064665 with parameters: {'n_conv2d_layers': 2, 'n_filters_|0': 10, 'n_filters_|1': 16, 'n_layers': 1, 'n_units_l0': 870.4085837045221, 'lr': 0.04227018744357932}.
[I 2019-10-05 14:42:09,907] Finished trial#2 resulted in value: 0.8094688221250157. Current best value is 0.8094688221250157 with parameters: {'n_conv2d_layers': 2, 'n_filters_|0': 56, 'n_filters_|1': 9, 'n_layers': 2, 'n_units_l0': 57.395891898404415, 'n_units_l1': 65.70839023877824, 'lr': 0.0017266470819832552}.
[I 2019-10-05 14:55:44,172] Finished trial#3 resulted in value: 0.7032332563051542. Current best value is 0.8094688221250157 with parameters: {'n_conv2d_layers': 2, 'n_filters_|0': 56, 'n_filters_|1': 9, 'n_layers': 2, 'n_units_l0': 57.395891898404415, 'n_units_l1': 65.70839023877824, 'lr': 0.0017266470819832552}.
[I 2019-10-05 15:08:04,691] Finished trial#4 resulted in value: 0.20669745959576688. Current best value is 0.8094688221250157 with parameters: {'n_conv2d_layers': 2, 'n_filters_|0': 56, 'n_filters_|1': 9, 'n_layers': 2, 'n_units_l0': 57.395891898404415, 'n_units_l1': 65.70839023877824, 'lr': 0.0017266470819832552}.
[I 2019-10-05 15:18:09,395] Finished trial#5 resulted in value: 0.8029253272206348. Current best value is 0.8094688221250157 with parameters: {'n_conv2d_layers': 2, 'n_filters_|0': 56, 'n_filters_|1': 9, 'n_layers': 2, 'n_units_l0': 57.395891898404415, 'n_units_l1': 65.70839023877824, 'lr': 0.0017266470819832552}.
[I 2019-10-05 15:32:59,580] Finished trial#6 resulted in value: 0.21632024635481228. Current best value is 0.8094688221250157 with parameters: {'n_conv2d_layers': 2, 'n_filters_|0': 56, 'n_filters_|1': 9, 'n_layers': 2, 'n_units_l0': 57.395891898404415, 'n_units_l1': 65.70839023877824, 'lr': 0.0017266470819832552}.
[I 2019-10-05 15:48:14,947] Finished trial#7 resulted in value: 0.8248652809394883. Current best value is 0.8248652809394883 with parameters: {'n_conv2d_layers': 3, 'n_filters_|0': 53, 'n_filters_|1': 63, 'n_filters_|2': 20, 'n_layers': 1, 'n_units_l0': 220.4872115484374, 'lr': 0.00023588939669775592}.
[I 2019-10-05 15:48:17,208] Setting status of trial#8 as TrialState.PRUNED. Trial was pruned at epoch 1.
[I 2019-10-05 15:58:28,688] Finished trial#9 resulted in value: 0.8533487298380328. Current best value is 0.8533487298380328 with parameters: {'n_conv2d_layers': 2, 'n_filters_|0': 10, 'n_filters_|1': 31, 'n_layers': 1, 'n_units_l0': 135.70875736721194, 'lr': 0.00084403509648047}.
[I 2019-10-05 15:58:31,304] Setting status of trial#10 as TrialState.PRUNED. Trial was pruned at epoch 1.
[I 2019-10-05 15:58:35,381] Setting status of trial#11 as TrialState.PRUNED. Trial was pruned at epoch 3.
[I 2019-10-05 15:58:37,308] Setting status of trial#12 as TrialState.PRUNED. Trial was pruned at epoch 1.
[I 2019-10-05 15:58:41,245] Setting status of trial#13 as TrialState.PRUNED. Trial was pruned at epoch 3.
[I 2019-10-05 15:58:43,824] Setting status of trial#14 as TrialState.PRUNED. Trial was pruned at epoch 1.
[I 2019-10-05 16:21:57,236] Finished trial#15 resulted in value: 0.8167821400618902. Current best value is 0.8533487298380328 with parameters: {'n_conv2d_layers': 2, 'n_filters_|0': 10, 'n_filters_|1': 31, 'n_layers': 1, 'n_units_l0': 135.70875736721194, 'lr': 0.00084403509648047}.
[I 2019-10-05 16:21:58,494] Setting status of trial#16 as TrialState.PRUNED. Trial was pruned at epoch 1.
[I 2019-10-05 16:22:00,175] Setting status of trial#17 as TrialState.PRUNED. Trial was pruned at epoch 1.
[I 2019-10-05 16:36:41,052] Finished trial#18 resulted in value: 0.8013856812474175. Current best value is 0.8533487298380328 with parameters: {'n_conv2d_layers': 2, 'n_filters_|0': 10, 'n_filters_|1': 31, 'n_layers': 1, 'n_units_l0': 135.70875736721194, 'lr': 0.00084403509648047}.
[I 2019-10-05 16:37:43,323] Setting status of trial#19 as TrialState.PRUNED. Trial was pruned at epoch 92.
[I 2019-10-05 16:37:47,805] Setting status of trial#20 as TrialState.PRUNED. Trial was pruned at epoch 1.
[I 2019-10-05 17:00:46,889] Finished trial#21 resulted in value: 0.8364126251421129. Current best value is 0.8533487298380328 with parameters: {'n_conv2d_layers': 2, 'n_filters_|0': 10, 'n_filters_|1': 31, 'n_layers': 1, 'n_units_l0': 135.70875736721194, 'lr': 0.00084403509648047}.
[I 2019-10-05 17:22:16,606] Finished trial#22 resulted in value: 0.8267898382912974. Current best value is 0.8533487298380328 with parameters: {'n_conv2d_layers': 2, 'n_filters_|0': 10, 'n_filters_|1': 31, 'n_layers': 1, 'n_units_l0': 135.70875736721194, 'lr': 0.00084403509648047}.
[I 2019-10-05 17:45:37,823] Finished trial#23 resulted in value: 0.844495766019711. Current best value is 0.8533487298380328 with parameters: {'n_conv2d_layers': 2, 'n_filters_|0': 10, 'n_filters_|1': 31, 'n_layers': 1, 'n_units_l0': 135.70875736721194, 'lr': 0.00084403509648047}.
[I 2019-10-05 18:24:01,517] Finished trial#24 resulted in value: 0.8140877597693574. Current best value is 0.8533487298380328 with parameters: {'n_conv2d_layers': 2, 'n_filters_|0': 10, 'n_filters_|1': 31, 'n_layers': 1, 'n_units_l0': 135.70875736721194, 'lr': 0.00084403509648047}.
[I 2019-10-05 18:24:05,742] Setting status of trial#25 as TrialState.PRUNED. Trial was pruned at epoch 1.
[I 2019-10-05 18:49:39,138] Finished trial#26 resulted in value: 0.8333333333333334. Current best value is 0.8533487298380328 with parameters: {'n_conv2d_layers': 2, 'n_filters_|0': 10, 'n_filters_|1': 31, 'n_layers': 1, 'n_units_l0': 135.70875736721194, 'lr': 0.00084403509648047}.
[I 2019-10-05 19:09:20,174] Finished trial#27 resulted in value: 0.811008468006463. Current best value is 0.8533487298380328 with parameters: {'n_conv2d_layers': 2, 'n_filters_|0': 10, 'n_filters_|1': 31, 'n_layers': 1, 'n_units_l0': 135.70875736721194, 'lr': 0.00084403509648047}.
[I 2019-10-05 19:09:24,477] Setting status of trial#28 as TrialState.PRUNED. Trial was pruned at epoch 2.
[I 2019-10-05 19:09:27,874] Setting status of trial#29 as TrialState.PRUNED. Trial was pruned at epoch 1.
[I 2019-10-05 19:09:29,886] Setting status of trial#30 as TrialState.PRUNED. Trial was pruned at epoch 1.
[I 2019-10-05 19:34:33,599] Finished trial#31 resulted in value: 0.8044649730561971. Current best value is 0.8533487298380328 with parameters: {'n_conv2d_layers': 2, 'n_filters_|0': 10, 'n_filters_|1': 31, 'n_layers': 1, 'n_units_l0': 135.70875736721194, 'lr': 0.00084403509648047}.
[I 2019-10-05 19:34:38,246] Setting status of trial#32 as TrialState.PRUNED. Trial was pruned at epoch 2.
[I 2019-10-05 19:34:42,559] Setting status of trial#33 as TrialState.PRUNED. Trial was pruned at epoch 1.
[I 2019-10-05 20:07:11,659] Finished trial#34 resulted in value: 0.766743648960739. Current best value is 0.8533487298380328 with parameters: {'n_conv2d_layers': 2, 'n_filters_|0': 10, 'n_filters_|1': 31, 'n_layers': 1, 'n_units_l0': 135.70875736721194, 'lr': 0.00084403509648047}.
[I 2019-10-05 20:24:37,773] Finished trial#35 resulted in value: 0.8329484218629715. Current best value is 0.8533487298380328 with parameters: {'n_conv2d_layers': 2, 'n_filters_|0': 10, 'n_filters_|1': 31, 'n_layers': 1, 'n_units_l0': 135.70875736721194, 'lr': 0.00084403509648047}.
[I 2019-10-05 20:24:41,819] Setting status of trial#36 as TrialState.PRUNED. Trial was pruned at epoch 1.
[I 2019-10-05 20:24:44,963] Setting status of trial#37 as TrialState.PRUNED. Trial was pruned at epoch 2.
[I 2019-10-05 20:59:43,393] Finished trial#38 resulted in value: 0.19938414165889234. Current best value is 0.8533487298380328 with parameters: {'n_conv2d_layers': 2, 'n_filters_|0': 10, 'n_filters_|1': 31, 'n_layers': 1, 'n_units_l0': 135.70875736721194, 'lr': 0.00084403509648047}.
[I 2019-10-05 20:59:49,212] Setting status of trial#39 as TrialState.PRUNED. Trial was pruned at epoch 1.
[I 2019-10-05 20:59:51,588] Setting status of trial#40 as TrialState.PRUNED. Trial was pruned at epoch 2.
[I 2019-10-05 20:59:54,295] Setting status of trial#41 as TrialState.PRUNED. Trial was pruned at epoch 1.
[I 2019-10-05 20:59:57,283] Setting status of trial#42 as TrialState.PRUNED. Trial was pruned at epoch 1.
[I 2019-10-05 21:00:00,571] Setting status of trial#43 as TrialState.PRUNED. Trial was pruned at epoch 1.
[I 2019-10-05 21:00:03,226] Setting status of trial#44 as TrialState.PRUNED. Trial was pruned at epoch 1.
[I 2019-10-05 21:00:09,248] Setting status of trial#45 as TrialState.PRUNED. Trial was pruned at epoch 2.
[I 2019-10-05 21:00:12,628] Setting status of trial#46 as TrialState.PRUNED. Trial was pruned at epoch 1.
[I 2019-10-05 21:00:14,961] Setting status of trial#47 as TrialState.PRUNED. Trial was pruned at epoch 1.
[I 2019-10-05 21:00:18,013] Setting status of trial#48 as TrialState.PRUNED. Trial was pruned at epoch 1.
[I 2019-10-05 21:13:13,187] Finished trial#49 resulted in value: 0.823710546620173. Current best value is 0.8533487298380328 with parameters: {'n_conv2d_layers': 2, 'n_filters_|0': 10, 'n_filters_|1': 31, 'n_layers': 1, 'n_units_l0': 135.70875736721194, 'lr': 0.00084403509648047}.
[I 2019-10-05 21:13:17,071] Setting status of trial#50 as TrialState.PRUNED. Trial was pruned at epoch 1.
[I 2019-10-05 21:13:20,531] Setting status of trial#51 as TrialState.PRUNED. Trial was pruned at epoch 1.
[I 2019-10-05 21:13:23,828] Setting status of trial#52 as TrialState.PRUNED. Trial was pruned at epoch 1.
[I 2019-10-05 21:31:56,822] Finished trial#53 resulted in value: 0.7732871439110048. Current best value is 0.8533487298380328 with parameters: {'n_conv2d_layers': 2, 'n_filters_|0': 10, 'n_filters_|1': 31, 'n_layers': 1, 'n_units_l0': 135.70875736721194, 'lr': 0.00084403509648047}.
[I 2019-10-05 21:32:00,731] Setting status of trial#54 as TrialState.PRUNED. Trial was pruned at epoch 1.
[I 2019-10-05 22:00:14,017] Finished trial#55 resulted in value: 0.8375673594614282. Current best value is 0.8533487298380328 with parameters: {'n_conv2d_layers': 2, 'n_filters_|0': 10, 'n_filters_|1': 31, 'n_layers': 1, 'n_units_l0': 135.70875736721194, 'lr': 0.00084403509648047}.
[I 2019-10-05 22:00:20,186] Setting status of trial#56 as TrialState.PRUNED. Trial was pruned at epoch 2.
[I 2019-10-05 22:00:25,999] Setting status of trial#57 as TrialState.PRUNED. Trial was pruned at epoch 2.
[I 2019-10-05 22:00:41,153] Setting status of trial#58 as TrialState.PRUNED. Trial was pruned at epoch 8.
[I 2019-10-05 22:00:44,495] Setting status of trial#59 as TrialState.PRUNED. Trial was pruned at epoch 1.
[I 2019-10-05 22:00:47,298] Setting status of trial#60 as TrialState.PRUNED. Trial was pruned at epoch 2.
[I 2019-10-05 22:00:52,832] Setting status of trial#61 as TrialState.PRUNED. Trial was pruned at epoch 2.
[I 2019-10-05 22:01:00,791] Setting status of trial#62 as TrialState.PRUNED. Trial was pruned at epoch 2.
[I 2019-10-05 22:01:05,156] Setting status of trial#63 as TrialState.PRUNED. Trial was pruned at epoch 2.
[I 2019-10-05 22:01:09,400] Setting status of trial#64 as TrialState.PRUNED. Trial was pruned at epoch 2.
[I 2019-10-05 22:01:12,294] Setting status of trial#65 as TrialState.PRUNED. Trial was pruned at epoch 1.
[I 2019-10-05 22:01:14,625] Setting status of trial#66 as TrialState.PRUNED. Trial was pruned at epoch 1.
[I 2019-10-05 22:27:29,240] Finished trial#67 resulted in value: 0.787913779876524. Current best value is 0.8533487298380328 with parameters: {'n_conv2d_layers': 2, 'n_filters_|0': 10, 'n_filters_|1': 31, 'n_layers': 1, 'n_units_l0': 135.70875736721194, 'lr': 0.00084403509648047}.
[I 2019-10-05 22:46:37,849] Finished trial#68 resulted in value: 0.8252501924557352. Current best value is 0.8533487298380328 with parameters: {'n_conv2d_layers': 2, 'n_filters_|0': 10, 'n_filters_|1': 31, 'n_layers': 1, 'n_units_l0': 135.70875736721194, 'lr': 0.00084403509648047}.
[I 2019-10-05 22:46:44,212] Setting status of trial#69 as TrialState.PRUNED. Trial was pruned at epoch 1.
[I 2019-10-05 22:46:46,540] Setting status of trial#70 as TrialState.PRUNED. Trial was pruned at epoch 1.
[I 2019-10-05 23:03:58,544] Finished trial#71 resulted in value: 0.7786759045419553. Current best value is 0.8533487298380328 with parameters: {'n_conv2d_layers': 2, 'n_filters_|0': 10, 'n_filters_|1': 31, 'n_layers': 1, 'n_units_l0': 135.70875736721194, 'lr': 0.00084403509648047}.
[I 2019-10-05 23:04:04,336] Setting status of trial#72 as TrialState.PRUNED. Trial was pruned at epoch 2.
[I 2019-10-05 23:04:14,021] Setting status of trial#73 as TrialState.PRUNED. Trial was pruned at epoch 8.
[I 2019-10-05 23:18:35,902] Finished trial#74 resulted in value: 0.8252501924557352. Current best value is 0.8533487298380328 with parameters: {'n_conv2d_layers': 2, 'n_filters_|0': 10, 'n_filters_|1': 31, 'n_layers': 1, 'n_units_l0': 135.70875736721194, 'lr': 0.00084403509648047}.
[I 2019-10-05 23:18:38,160] Setting status of trial#75 as TrialState.PRUNED. Trial was pruned at epoch 1.
[I 2019-10-05 23:18:41,739] Setting status of trial#76 as TrialState.PRUNED. Trial was pruned at epoch 2.
[I 2019-10-05 23:18:45,486] Setting status of trial#77 as TrialState.PRUNED. Trial was pruned at epoch 1.
[I 2019-10-05 23:18:47,640] Setting status of trial#78 as TrialState.PRUNED. Trial was pruned at epoch 1.
[I 2019-10-05 23:18:50,275] Setting status of trial#79 as TrialState.PRUNED. Trial was pruned at epoch 1.
[I 2019-10-05 23:18:54,133] Setting status of trial#80 as TrialState.PRUNED. Trial was pruned at epoch 1.
[I 2019-10-05 23:33:50,522] Finished trial#81 resulted in value: 0.8106235565361011. Current best value is 0.8533487298380328 with parameters: {'n_conv2d_layers': 2, 'n_filters_|0': 10, 'n_filters_|1': 31, 'n_layers': 1, 'n_units_l0': 135.70875736721194, 'lr': 0.00084403509648047}.
[I 2019-10-05 23:33:52,820] Setting status of trial#82 as TrialState.PRUNED. Trial was pruned at epoch 1.
[I 2019-10-05 23:33:55,511] Setting status of trial#83 as TrialState.PRUNED. Trial was pruned at epoch 1.
[I 2019-10-05 23:47:30,785] Finished trial#84 resulted in value: 0.8083140877139302. Current best value is 0.8533487298380328 with parameters: {'n_conv2d_layers': 2, 'n_filters_|0': 10, 'n_filters_|1': 31, 'n_layers': 1, 'n_units_l0': 135.70875736721194, 'lr': 0.00084403509648047}.
[I 2019-10-05 23:47:33,744] Setting status of trial#85 as TrialState.PRUNED. Trial was pruned at epoch 1.
[I 2019-10-05 23:47:38,790] Setting status of trial#86 as TrialState.PRUNED. Trial was pruned at epoch 2.
[I 2019-10-05 23:47:42,906] Setting status of trial#87 as TrialState.PRUNED. Trial was pruned at epoch 3.
[I 2019-10-05 23:47:45,168] Setting status of trial#88 as TrialState.PRUNED. Trial was pruned at epoch 1.
[I 2019-10-05 23:47:49,289] Setting status of trial#89 as TrialState.PRUNED. Trial was pruned at epoch 1.
[I 2019-10-05 23:47:53,108] Setting status of trial#90 as TrialState.PRUNED. Trial was pruned at epoch 1.
[I 2019-10-05 23:47:56,000] Setting status of trial#91 as TrialState.PRUNED. Trial was pruned at epoch 1.
[I 2019-10-05 23:47:58,607] Setting status of trial#92 as TrialState.PRUNED. Trial was pruned at epoch 1.
[I 2019-10-06 00:15:01,880] Finished trial#93 resulted in value: 0.6320246343570457. Current best value is 0.8533487298380328 with parameters: {'n_conv2d_layers': 2, 'n_filters_|0': 10, 'n_filters_|1': 31, 'n_layers': 1, 'n_units_l0': 135.70875736721194, 'lr': 0.00084403509648047}.
[I 2019-10-06 00:15:04,197] Setting status of trial#94 as TrialState.PRUNED. Trial was pruned at epoch 1.
[I 2019-10-06 00:15:07,764] Setting status of trial#95 as TrialState.PRUNED. Trial was pruned at epoch 1.
[I 2019-10-06 00:15:10,912] Setting status of trial#96 as TrialState.PRUNED. Trial was pruned at epoch 1.
[I 2019-10-06 00:15:12,944] Setting status of trial#97 as TrialState.PRUNED. Trial was pruned at epoch 1.
[I 2019-10-06 00:15:16,284] Setting status of trial#98 as TrialState.PRUNED. Trial was pruned at epoch 1.
[I 2019-10-06 00:15:20,632] Setting status of trial#99 as TrialState.PRUNED. Trial was pruned at epoch 2.
[I 2019-10-06 00:15:23,216] Setting status of trial#100 as TrialState.PRUNED. Trial was pruned at epoch 1.
[I 2019-10-06 00:15:27,349] Setting status of trial#101 as TrialState.PRUNED. Trial was pruned at epoch 3.
[I 2019-10-06 00:15:32,343] Setting status of trial#102 as TrialState.PRUNED. Trial was pruned at epoch 4.
[I 2019-10-06 00:15:35,724] Setting status of trial#103 as TrialState.PRUNED. Trial was pruned at epoch 2.
[I 2019-10-06 00:15:39,011] Setting status of trial#104 as TrialState.PRUNED. Trial was pruned at epoch 2.
[I 2019-10-06 00:15:41,518] Setting status of trial#105 as TrialState.PRUNED. Trial was pruned at epoch 1.
[I 2019-10-06 00:15:44,411] Setting status of trial#106 as TrialState.PRUNED. Trial was pruned at epoch 1.
[I 2019-10-06 00:15:46,017] Setting status of trial#107 as TrialState.PRUNED. Trial was pruned at epoch 1.
[I 2019-10-06 00:31:37,599] Finished trial#108 resulted in value: 0.8367975365665897. Current best value is 0.8533487298380328 with parameters: {'n_conv2d_layers': 2, 'n_filters_|0': 10, 'n_filters_|1': 31, 'n_layers': 1, 'n_units_l0': 135.70875736721194, 'lr': 0.00084403509648047}.
[I 2019-10-06 00:31:40,444] Setting status of trial#109 as TrialState.PRUNED. Trial was pruned at epoch 1.
[I 2019-10-06 00:31:42,874] Setting status of trial#110 as TrialState.PRUNED. Trial was pruned at epoch 1.
[I 2019-10-06 00:46:31,893] Finished trial#111 resulted in value: 0.8063895304080062. Current best value is 0.8533487298380328 with parameters: {'n_conv2d_layers': 2, 'n_filters_|0': 10, 'n_filters_|1': 31, 'n_layers': 1, 'n_units_l0': 135.70875736721194, 'lr': 0.00084403509648047}.
[I 2019-10-06 00:46:34,731] Setting status of trial#112 as TrialState.PRUNED. Trial was pruned at epoch 1.
[I 2019-10-06 00:46:37,707] Setting status of trial#113 as TrialState.PRUNED. Trial was pruned at epoch 1.
[I 2019-10-06 00:46:41,042] Setting status of trial#114 as TrialState.PRUNED. Trial was pruned at epoch 1.
[I 2019-10-06 01:22:11,739] Finished trial#115 resulted in value: 0.8175519630484989. Current best value is 0.8533487298380328 with parameters: {'n_conv2d_layers': 2, 'n_filters_|0': 10, 'n_filters_|1': 31, 'n_layers': 1, 'n_units_l0': 135.70875736721194, 'lr': 0.00084403509648047}.
[I 2019-10-06 01:22:14,535] Setting status of trial#116 as TrialState.PRUNED. Trial was pruned at epoch 2.
[I 2019-10-06 01:22:22,708] Setting status of trial#117 as TrialState.PRUNED. Trial was pruned at epoch 4.
[I 2019-10-06 01:22:31,514] Setting status of trial#118 as TrialState.PRUNED. Trial was pruned at epoch 4.
[I 2019-10-06 01:41:29,333] Finished trial#119 resulted in value: 0.8060046189376443. Current best value is 0.8533487298380328 with parameters: {'n_conv2d_layers': 2, 'n_filters_|0': 10, 'n_filters_|1': 31, 'n_layers': 1, 'n_units_l0': 135.70875736721194, 'lr': 0.00084403509648047}.
[I 2019-10-06 01:41:31,617] Setting status of trial#120 as TrialState.PRUNED. Trial was pruned at epoch 1.
[I 2019-10-06 02:15:55,716] Finished trial#121 resulted in value: 0.8183217860351075. Current best value is 0.8533487298380328 with parameters: {'n_conv2d_layers': 2, 'n_filters_|0': 10, 'n_filters_|1': 31, 'n_layers': 1, 'n_units_l0': 135.70875736721194, 'lr': 0.00084403509648047}.
[I 2019-10-06 02:16:03,783] Setting status of trial#122 as TrialState.PRUNED. Trial was pruned at epoch 2.
[I 2019-10-06 02:49:52,075] Finished trial#123 resulted in value: 0.6612779061274863. Current best value is 0.8533487298380328 with parameters: {'n_conv2d_layers': 2, 'n_filters_|0': 10, 'n_filters_|1': 31, 'n_layers': 1, 'n_units_l0': 135.70875736721194, 'lr': 0.00084403509648047}.
[I 2019-10-06 02:49:56,783] Setting status of trial#124 as TrialState.PRUNED. Trial was pruned at epoch 1.
[I 2019-10-06 03:05:29,478] Finished trial#125 resulted in value: 0.20246343342178688. Current best value is 0.8533487298380328 with parameters: {'n_conv2d_layers': 2, 'n_filters_|0': 10, 'n_filters_|1': 31, 'n_layers': 1, 'n_units_l0': 135.70875736721194, 'lr': 0.00084403509648047}.
[I 2019-10-06 03:05:32,611] Setting status of trial#126 as TrialState.PRUNED. Trial was pruned at epoch 1.
[I 2019-10-06 03:05:41,396] Setting status of trial#127 as TrialState.PRUNED. Trial was pruned at epoch 3.
[I 2019-10-06 03:05:48,614] Setting status of trial#128 as TrialState.PRUNED. Trial was pruned at epoch 3.
[I 2019-10-06 03:05:54,652] Setting status of trial#129 as TrialState.PRUNED. Trial was pruned at epoch 1.
[I 2019-10-06 03:05:57,090] Setting status of trial#130 as TrialState.PRUNED. Trial was pruned at epoch 1.
[I 2019-10-06 03:34:08,134] Finished trial#131 resulted in value: 0.8240954580446497. Current best value is 0.8533487298380328 with parameters: {'n_conv2d_layers': 2, 'n_filters_|0': 10, 'n_filters_|1': 31, 'n_layers': 1, 'n_units_l0': 135.70875736721194, 'lr': 0.00084403509648047}.
[I 2019-10-06 04:04:18,734] Finished trial#132 resulted in value: 0.8137028482989956. Current best value is 0.8533487298380328 with parameters: {'n_conv2d_layers': 2, 'n_filters_|0': 10, 'n_filters_|1': 31, 'n_layers': 1, 'n_units_l0': 135.70875736721194, 'lr': 0.00084403509648047}.
[I 2019-10-06 04:04:23,134] Setting status of trial#133 as TrialState.PRUNED. Trial was pruned at epoch 1.
[I 2019-10-06 04:04:27,095] Setting status of trial#134 as TrialState.PRUNED. Trial was pruned at epoch 1.
[I 2019-10-06 04:29:04,674] Finished trial#135 resulted in value: 0.8248652810312583. Current best value is 0.8533487298380328 with parameters: {'n_conv2d_layers': 2, 'n_filters_|0': 10, 'n_filters_|1': 31, 'n_layers': 1, 'n_units_l0': 135.70875736721194, 'lr': 0.00084403509648047}.
[I 2019-10-06 04:29:08,883] Setting status of trial#136 as TrialState.PRUNED. Trial was pruned at epoch 1.
[I 2019-10-06 04:29:12,877] Setting status of trial#137 as TrialState.PRUNED. Trial was pruned at epoch 1.
[I 2019-10-06 04:29:16,542] Setting status of trial#138 as TrialState.PRUNED. Trial was pruned at epoch 1.
[I 2019-10-06 04:29:19,720] Setting status of trial#139 as TrialState.PRUNED. Trial was pruned at epoch 1.
[I 2019-10-06 04:29:22,970] Setting status of trial#140 as TrialState.PRUNED. Trial was pruned at epoch 1.
[I 2019-10-06 04:29:28,983] Setting status of trial#141 as TrialState.PRUNED. Trial was pruned at epoch 2.
[I 2019-10-06 04:58:33,598] Finished trial#142 resulted in value: 0.8156274056966898. Current best value is 0.8533487298380328 with parameters: {'n_conv2d_layers': 2, 'n_filters_|0': 10, 'n_filters_|1': 31, 'n_layers': 1, 'n_units_l0': 135.70875736721194, 'lr': 0.00084403509648047}.
[I 2019-10-06 04:58:37,887] Setting status of trial#143 as TrialState.PRUNED. Trial was pruned at epoch 2.
[I 2019-10-06 04:58:40,951] Setting status of trial#144 as TrialState.PRUNED. Trial was pruned at epoch 1.
[I 2019-10-06 05:21:55,321] Finished trial#145 resulted in value: 0.8094688222167857. Current best value is 0.8533487298380328 with parameters: {'n_conv2d_layers': 2, 'n_filters_|0': 10, 'n_filters_|1': 31, 'n_layers': 1, 'n_units_l0': 135.70875736721194, 'lr': 0.00084403509648047}.
[I 2019-10-06 05:22:03,838] Setting status of trial#146 as TrialState.PRUNED. Trial was pruned at epoch 4.
[I 2019-10-06 05:22:08,346] Setting status of trial#147 as TrialState.PRUNED. Trial was pruned at epoch 1.
[I 2019-10-06 05:22:20,986] Setting status of trial#148 as TrialState.PRUNED. Trial was pruned at epoch 6.
[I 2019-10-06 05:22:26,232] Setting status of trial#149 as TrialState.PRUNED. Trial was pruned at epoch 1.
[I 2019-10-06 05:22:29,579] Setting status of trial#150 as TrialState.PRUNED. Trial was pruned at epoch 1.
[I 2019-10-06 06:00:39,673] Finished trial#151 resulted in value: 0.8410315627405697. Current best value is 0.8533487298380328 with parameters: {'n_conv2d_layers': 2, 'n_filters_|0': 10, 'n_filters_|1': 31, 'n_layers': 1, 'n_units_l0': 135.70875736721194, 'lr': 0.00084403509648047}.
[I 2019-10-06 06:00:44,949] Setting status of trial#152 as TrialState.PRUNED. Trial was pruned at epoch 1.
[I 2019-10-06 06:00:51,136] Setting status of trial#153 as TrialState.PRUNED. Trial was pruned at epoch 1.
[I 2019-10-06 06:00:56,805] Setting status of trial#154 as TrialState.PRUNED. Trial was pruned at epoch 1.
[I 2019-10-06 06:01:07,786] Setting status of trial#155 as TrialState.PRUNED. Trial was pruned at epoch 4.
[I 2019-10-06 06:01:13,647] Setting status of trial#156 as TrialState.PRUNED. Trial was pruned at epoch 2.
[I 2019-10-06 06:01:20,084] Setting status of trial#157 as TrialState.PRUNED. Trial was pruned at epoch 4.
[I 2019-10-06 06:01:23,588] Setting status of trial#158 as TrialState.PRUNED. Trial was pruned at epoch 1.
[I 2019-10-06 06:01:25,893] Setting status of trial#159 as TrialState.PRUNED. Trial was pruned at epoch 1.
[I 2019-10-06 06:01:29,059] Setting status of trial#160 as TrialState.PRUNED. Trial was pruned at epoch 1.
[I 2019-10-06 06:01:35,994] Setting status of trial#161 as TrialState.PRUNED. Trial was pruned at epoch 2.
[I 2019-10-06 06:01:46,001] Setting status of trial#162 as TrialState.PRUNED. Trial was pruned at epoch 3.
[I 2019-10-06 06:45:05,172] Finished trial#163 resulted in value: 0.20669745959576688. Current best value is 0.8533487298380328 with parameters: {'n_conv2d_layers': 2, 'n_filters_|0': 10, 'n_filters_|1': 31, 'n_layers': 1, 'n_units_l0': 135.70875736721194, 'lr': 0.00084403509648047}.
[I 2019-10-06 06:45:13,276] Setting status of trial#164 as TrialState.PRUNED. Trial was pruned at epoch 2.
[I 2019-10-06 06:45:16,013] Setting status of trial#165 as TrialState.PRUNED. Trial was pruned at epoch 1.
[I 2019-10-06 06:45:21,370] Setting status of trial#166 as TrialState.PRUNED. Trial was pruned at epoch 1.
[I 2019-10-06 06:45:26,155] Setting status of trial#167 as TrialState.PRUNED. Trial was pruned at epoch 1.
[I 2019-10-06 06:45:29,459] Setting status of trial#168 as TrialState.PRUNED. Trial was pruned at epoch 1.
[I 2019-10-06 06:45:33,507] Setting status of trial#169 as TrialState.PRUNED. Trial was pruned at epoch 1.
[I 2019-10-06 06:45:37,946] Setting status of trial#170 as TrialState.PRUNED. Trial was pruned at epoch 2.
[I 2019-10-06 06:45:42,095] Setting status of trial#171 as TrialState.PRUNED. Trial was pruned at epoch 1.
[I 2019-10-06 06:45:48,602] Setting status of trial#172 as TrialState.PRUNED. Trial was pruned at epoch 1.
[I 2019-10-06 07:13:47,420] Finished trial#173 resulted in value: 0.5819861432100095. Current best value is 0.8533487298380328 with parameters: {'n_conv2d_layers': 2, 'n_filters_|0': 10, 'n_filters_|1': 31, 'n_layers': 1, 'n_units_l0': 135.70875736721194, 'lr': 0.00084403509648047}.
[I 2019-10-06 07:13:51,351] Setting status of trial#174 as TrialState.PRUNED. Trial was pruned at epoch 1.
[I 2019-10-06 07:13:53,682] Setting status of trial#175 as TrialState.PRUNED. Trial was pruned at epoch 1.
[I 2019-10-06 07:13:59,561] Setting status of trial#176 as TrialState.PRUNED. Trial was pruned at epoch 4.
[I 2019-10-06 07:14:06,375] Setting status of trial#177 as TrialState.PRUNED. Trial was pruned at epoch 3.
[I 2019-10-06 07:14:11,839] Setting status of trial#178 as TrialState.PRUNED. Trial was pruned at epoch 1.
[I 2019-10-06 07:14:16,081] Setting status of trial#179 as TrialState.PRUNED. Trial was pruned at epoch 1.
[I 2019-10-06 07:14:19,742] Setting status of trial#180 as TrialState.PRUNED. Trial was pruned at epoch 1.
[I 2019-10-06 07:44:22,426] Finished trial#181 resulted in value: 0.8002309469281021. Current best value is 0.8533487298380328 with parameters: {'n_conv2d_layers': 2, 'n_filters_|0': 10, 'n_filters_|1': 31, 'n_layers': 1, 'n_units_l0': 135.70875736721194, 'lr': 0.00084403509648047}.
[I 2019-10-06 07:44:29,229] Setting status of trial#182 as TrialState.PRUNED. Trial was pruned at epoch 2.
[I 2019-10-06 08:19:06,163] Finished trial#183 resulted in value: 0.8137028483907657. Current best value is 0.8533487298380328 with parameters: {'n_conv2d_layers': 2, 'n_filters_|0': 10, 'n_filters_|1': 31, 'n_layers': 1, 'n_units_l0': 135.70875736721194, 'lr': 0.00084403509648047}.
[I 2019-10-06 08:19:15,878] Setting status of trial#184 as TrialState.PRUNED. Trial was pruned at epoch 4.
[I 2019-10-06 08:19:19,792] Setting status of trial#185 as TrialState.PRUNED. Trial was pruned at epoch 1.
[I 2019-10-06 08:19:23,445] Setting status of trial#186 as TrialState.PRUNED. Trial was pruned at epoch 1.
[I 2019-10-06 08:19:29,203] Setting status of trial#187 as TrialState.PRUNED. Trial was pruned at epoch 1.
[I 2019-10-06 08:19:32,241] Setting status of trial#188 as TrialState.PRUNED. Trial was pruned at epoch 1.
[I 2019-10-06 08:19:35,095] Setting status of trial#189 as TrialState.PRUNED. Trial was pruned at epoch 1.
[I 2019-10-06 08:19:39,585] Setting status of trial#190 as TrialState.PRUNED. Trial was pruned at epoch 1.
[I 2019-10-06 08:19:45,265] Setting status of trial#191 as TrialState.PRUNED. Trial was pruned at epoch 1.
[I 2019-10-06 08:19:49,859] Setting status of trial#192 as TrialState.PRUNED. Trial was pruned at epoch 1.
[I 2019-10-06 08:19:54,126] Setting status of trial#193 as TrialState.PRUNED. Trial was pruned at epoch 1.
[I 2019-10-06 08:19:58,917] Setting status of trial#194 as TrialState.PRUNED. Trial was pruned at epoch 2.
[I 2019-10-06 08:20:07,183] Setting status of trial#195 as TrialState.PRUNED. Trial was pruned at epoch 2.
[I 2019-10-06 08:20:14,482] Setting status of trial#196 as TrialState.PRUNED. Trial was pruned at epoch 2.
[I 2019-10-06 08:46:40,942] Finished trial#197 resulted in value: 0.8148575827559661. Current best value is 0.8533487298380328 with parameters: {'n_conv2d_layers': 2, 'n_filters_|0': 10, 'n_filters_|1': 31, 'n_layers': 1, 'n_units_l0': 135.70875736721194, 'lr': 0.00084403509648047}.
[I 2019-10-06 09:12:55,688] Finished trial#198 resulted in value: 0.815242494272213. Current best value is 0.8533487298380328 with parameters: {'n_conv2d_layers': 2, 'n_filters_|0': 10, 'n_filters_|1': 31, 'n_layers': 1, 'n_units_l0': 135.70875736721194, 'lr': 0.00084403509648047}.
[I 2019-10-06 09:13:01,255] Setting status of trial#199 as TrialState.PRUNED. Trial was pruned at epoch 2.
Study statistics: 
  Number of pruned trials:  150
  Number of complete trials:  50
Best trial:
  Value:  0.8533487298380328
  Params: 
    n_conv2d_layers: 2
    n_filters_|0: 10
    n_filters_|1: 31
    n_layers: 1
    n_units_l0: 135.70875736721194
    lr: 0.00084403509648047
70568 sec

