iteration
iteration
iteration
iteration
iteration
iteration
iteration
iteration
iteration
iteration
iteration
iteration
iteration
iteration
iteration
iteration
iteration
iteration
iteration
iteration
iteration
iteration
iteration
iteration
iteration
iteration
iteration
iteration
iteration
iteration
iteration
iteration
iteration
iteration
iteration
iteration
Using TensorFlow backend.
WARNING: Logging before flag parsing goes to stderr.
W1004 02:20:18.005218 140107225376512 deprecation_wrapper.py:119] From /home/t_shimizu/.pyenv/versions/anaconda3-2019.03/lib/python3.7/site-packages/keras/backend/tensorflow_backend.py:95: The name tf.reset_default_graph is deprecated. Please use tf.compat.v1.reset_default_graph instead.

W1004 02:20:18.005399 140107225376512 deprecation_wrapper.py:119] From /home/t_shimizu/.pyenv/versions/anaconda3-2019.03/lib/python3.7/site-packages/keras/backend/tensorflow_backend.py:98: The name tf.placeholder_with_default is deprecated. Please use tf.compat.v1.placeholder_with_default instead.

W1004 02:20:18.013355 140107225376512 deprecation_wrapper.py:119] From /home/t_shimizu/.pyenv/versions/anaconda3-2019.03/lib/python3.7/site-packages/keras/backend/tensorflow_backend.py:102: The name tf.get_default_graph is deprecated. Please use tf.compat.v1.get_default_graph instead.

W1004 02:20:18.054875 140107225376512 deprecation_wrapper.py:119] From /home/t_shimizu/.pyenv/versions/anaconda3-2019.03/lib/python3.7/site-packages/keras/backend/tensorflow_backend.py:517: The name tf.placeholder is deprecated. Please use tf.compat.v1.placeholder instead.

W1004 02:20:18.056229 140107225376512 deprecation_wrapper.py:119] From /home/t_shimizu/.pyenv/versions/anaconda3-2019.03/lib/python3.7/site-packages/keras/backend/tensorflow_backend.py:4138: The name tf.random_uniform is deprecated. Please use tf.random.uniform instead.

W1004 02:20:18.104341 140107225376512 deprecation_wrapper.py:119] From /home/t_shimizu/.pyenv/versions/anaconda3-2019.03/lib/python3.7/site-packages/keras/optimizers.py:790: The name tf.train.Optimizer is deprecated. Please use tf.compat.v1.train.Optimizer instead.

W1004 02:20:18.159325 140107225376512 deprecation.py:323] From /home/t_shimizu/.pyenv/versions/anaconda3-2019.03/lib/python3.7/site-packages/tensorflow/python/ops/math_grad.py:1250: add_dispatch_support.<locals>.wrapper (from tensorflow.python.ops.array_ops) is deprecated and will be removed in a future version.
Instructions for updating:
Use tf.where in 2.0, which has the same broadcast rule as np.where
2019-10-04 02:20:18.285528: I tensorflow/core/platform/cpu_feature_guard.cc:142] Your CPU supports instructions that this TensorFlow binary was not compiled to use: AVX2 FMA
2019-10-04 02:20:18.288949: I tensorflow/core/platform/profile_utils/cpu_utils.cc:94] CPU Frequency: 3990960000 Hz
2019-10-04 02:20:18.289263: I tensorflow/compiler/xla/service/service.cc:168] XLA service 0x55f32dc5e710 executing computations on platform Host. Devices:
2019-10-04 02:20:18.289283: I tensorflow/compiler/xla/service/service.cc:175]   StreamExecutor device (0): <undefined>, <undefined>
2019-10-04 02:20:18.351217: W tensorflow/compiler/jit/mark_for_compilation_pass.cc:1412] (One-time warning): Not using XLA:CPU for cluster because envvar TF_XLA_FLAGS=--tf_xla_cpu_global_jit was not set.  If you want XLA:CPU, either set that envvar, or use experimental_jit_scope to enable XLA:CPU.  To confirm that XLA is active, pass --vmodule=xla_compilation_cache=1 (as a proper command-line flag, not via TF_XLA_FLAGS) or set the envvar XLA_FLAGS=--xla_hlo_profile.
[I 2019-10-04 02:31:53,128] Finished trial#0 resulted in value: 0.8364126250503429. Current best value is 0.8364126250503429 with parameters: {'n_conv1d_layers': 2, 'n_filters_|0': 56, 'n_filters_|1': 40, 'n_layers': 2, 'n_units_l0': 390.97651886869767, 'n_units_l1': 585.8377527425858, 'lr': 0.00025822557814450824}.
[I 2019-10-04 02:36:35,284] Finished trial#1 resulted in value: 0.8275596613237911. Current best value is 0.8364126250503429 with parameters: {'n_conv1d_layers': 2, 'n_filters_|0': 56, 'n_filters_|1': 40, 'n_layers': 2, 'n_units_l0': 390.97651886869767, 'n_units_l1': 585.8377527425858, 'lr': 0.00025822557814450824}.
[I 2019-10-04 02:45:29,298] Finished trial#2 resulted in value: 0.8106235565819861. Current best value is 0.8364126250503429 with parameters: {'n_conv1d_layers': 2, 'n_filters_|0': 56, 'n_filters_|1': 40, 'n_layers': 2, 'n_units_l0': 390.97651886869767, 'n_units_l1': 585.8377527425858, 'lr': 0.00025822557814450824}.
[I 2019-10-04 02:56:49,065] Finished trial#3 resulted in value: 0.844495765973826. Current best value is 0.844495765973826 with parameters: {'n_conv1d_layers': 4, 'n_filters_|0': 57, 'n_filters_|1': 39, 'n_filters_|2': 42, 'n_filters_|3': 40, 'n_layers': 1, 'n_units_l0': 742.8986380363532, 'lr': 0.00025977081288387945}.
[I 2019-10-04 03:01:56,756] Finished trial#4 resulted in value: 0.8379522709776751. Current best value is 0.844495765973826 with parameters: {'n_conv1d_layers': 4, 'n_filters_|0': 57, 'n_filters_|1': 39, 'n_filters_|2': 42, 'n_filters_|3': 40, 'n_layers': 1, 'n_units_l0': 742.8986380363532, 'lr': 0.00025977081288387945}.
[I 2019-10-04 03:02:02,420] Setting status of trial#5 as TrialState.PRUNED. Trial was pruned at epoch 19.
[I 2019-10-04 03:02:03,650] Setting status of trial#6 as TrialState.PRUNED. Trial was pruned at epoch 1.
[I 2019-10-04 03:02:04,674] Setting status of trial#7 as TrialState.PRUNED. Trial was pruned at epoch 1.
[I 2019-10-04 03:02:05,760] Setting status of trial#8 as TrialState.PRUNED. Trial was pruned at epoch 1.
[I 2019-10-04 03:02:06,991] Setting status of trial#9 as TrialState.PRUNED. Trial was pruned at epoch 1.
[I 2019-10-04 03:02:12,249] Setting status of trial#10 as TrialState.PRUNED. Trial was pruned at epoch 1.
[I 2019-10-04 03:02:14,013] Setting status of trial#11 as TrialState.PRUNED. Trial was pruned at epoch 1.
[I 2019-10-04 03:08:17,309] Finished trial#12 resulted in value: 0.8121632024634334. Current best value is 0.844495765973826 with parameters: {'n_conv1d_layers': 4, 'n_filters_|0': 57, 'n_filters_|1': 39, 'n_filters_|2': 42, 'n_filters_|3': 40, 'n_layers': 1, 'n_units_l0': 742.8986380363532, 'lr': 0.00025977081288387945}.
[I 2019-10-04 03:08:18,431] Setting status of trial#13 as TrialState.PRUNED. Trial was pruned at epoch 1.
[I 2019-10-04 03:08:20,052] Setting status of trial#14 as TrialState.PRUNED. Trial was pruned at epoch 1.
[I 2019-10-04 03:25:07,777] Finished trial#15 resulted in value: 0.6963048499304115. Current best value is 0.844495765973826 with parameters: {'n_conv1d_layers': 4, 'n_filters_|0': 57, 'n_filters_|1': 39, 'n_filters_|2': 42, 'n_filters_|3': 40, 'n_layers': 1, 'n_units_l0': 742.8986380363532, 'lr': 0.00025977081288387945}.
[I 2019-10-04 03:25:09,235] Setting status of trial#16 as TrialState.PRUNED. Trial was pruned at epoch 1.
[I 2019-10-04 03:30:59,109] Finished trial#17 resulted in value: 0.8264049268209356. Current best value is 0.844495765973826 with parameters: {'n_conv1d_layers': 4, 'n_filters_|0': 57, 'n_filters_|1': 39, 'n_filters_|2': 42, 'n_filters_|3': 40, 'n_layers': 1, 'n_units_l0': 742.8986380363532, 'lr': 0.00025977081288387945}.
[I 2019-10-04 03:31:00,924] Setting status of trial#18 as TrialState.PRUNED. Trial was pruned at epoch 1.
[I 2019-10-04 03:31:04,480] Setting status of trial#19 as TrialState.PRUNED. Trial was pruned at epoch 1.
[I 2019-10-04 03:31:09,574] Setting status of trial#20 as TrialState.PRUNED. Trial was pruned at epoch 11.
[I 2019-10-04 03:31:11,184] Setting status of trial#21 as TrialState.PRUNED. Trial was pruned at epoch 1.
[I 2019-10-04 03:31:12,722] Setting status of trial#22 as TrialState.PRUNED. Trial was pruned at epoch 1.
[I 2019-10-04 03:31:15,720] Setting status of trial#23 as TrialState.PRUNED. Trial was pruned at epoch 2.
[I 2019-10-04 03:40:43,808] Finished trial#24 resulted in value: 0.8233256351039261. Current best value is 0.844495765973826 with parameters: {'n_conv1d_layers': 4, 'n_filters_|0': 57, 'n_filters_|1': 39, 'n_filters_|2': 42, 'n_filters_|3': 40, 'n_layers': 1, 'n_units_l0': 742.8986380363532, 'lr': 0.00025977081288387945}.
[I 2019-10-04 03:49:15,365] Finished trial#25 resulted in value: 0.8510392609240919. Current best value is 0.8510392609240919 with parameters: {'n_conv1d_layers': 3, 'n_filters_|0': 58, 'n_filters_|1': 42, 'n_filters_|2': 42, 'n_layers': 2, 'n_units_l0': 360.2572561800284, 'n_units_l1': 179.79628166506964, 'lr': 0.0005798046692317018}.
[I 2019-10-04 03:49:17,615] Setting status of trial#26 as TrialState.PRUNED. Trial was pruned at epoch 3.
[I 2019-10-04 03:49:57,552] Setting status of trial#27 as TrialState.PRUNED. Trial was pruned at epoch 93.
[I 2019-10-04 03:49:59,270] Setting status of trial#28 as TrialState.PRUNED. Trial was pruned at epoch 1.
[I 2019-10-04 04:02:48,863] Finished trial#29 resulted in value: 0.8391070053887606. Current best value is 0.8510392609240919 with parameters: {'n_conv1d_layers': 3, 'n_filters_|0': 58, 'n_filters_|1': 42, 'n_filters_|2': 42, 'n_layers': 2, 'n_units_l0': 360.2572561800284, 'n_units_l1': 179.79628166506964, 'lr': 0.0005798046692317018}.
[I 2019-10-04 04:02:51,491] Setting status of trial#30 as TrialState.PRUNED. Trial was pruned at epoch 1.
[I 2019-10-04 04:02:58,559] Setting status of trial#31 as TrialState.PRUNED. Trial was pruned at epoch 6.
[I 2019-10-04 04:03:00,666] Setting status of trial#32 as TrialState.PRUNED. Trial was pruned at epoch 2.
[I 2019-10-04 04:03:02,219] Setting status of trial#33 as TrialState.PRUNED. Trial was pruned at epoch 1.
[I 2019-10-04 04:03:03,937] Setting status of trial#34 as TrialState.PRUNED. Trial was pruned at epoch 1.
[I 2019-10-04 04:03:06,813] Setting status of trial#35 as TrialState.PRUNED. Trial was pruned at epoch 4.
[I 2019-10-04 04:03:09,048] Setting status of trial#36 as TrialState.PRUNED. Trial was pruned at epoch 1.
[I 2019-10-04 04:03:10,537] Setting status of trial#37 as TrialState.PRUNED. Trial was pruned at epoch 1.
[I 2019-10-04 04:13:23,311] Finished trial#38 resulted in value: 0.8306389530408006. Current best value is 0.8510392609240919 with parameters: {'n_conv1d_layers': 3, 'n_filters_|0': 58, 'n_filters_|1': 42, 'n_filters_|2': 42, 'n_layers': 2, 'n_units_l0': 360.2572561800284, 'n_units_l1': 179.79628166506964, 'lr': 0.0005798046692317018}.
[I 2019-10-04 04:13:24,437] Setting status of trial#39 as TrialState.PRUNED. Trial was pruned at epoch 1.
[I 2019-10-04 04:13:25,943] Setting status of trial#40 as TrialState.PRUNED. Trial was pruned at epoch 1.
[I 2019-10-04 04:13:27,993] Setting status of trial#41 as TrialState.PRUNED. Trial was pruned at epoch 1.
[I 2019-10-04 04:13:29,707] Setting status of trial#42 as TrialState.PRUNED. Trial was pruned at epoch 1.
[I 2019-10-04 04:13:31,369] Setting status of trial#43 as TrialState.PRUNED. Trial was pruned at epoch 1.
[I 2019-10-04 04:13:33,245] Setting status of trial#44 as TrialState.PRUNED. Trial was pruned at epoch 1.
[I 2019-10-04 04:13:34,241] Setting status of trial#45 as TrialState.PRUNED. Trial was pruned at epoch 1.
[I 2019-10-04 04:13:37,240] Setting status of trial#46 as TrialState.PRUNED. Trial was pruned at epoch 2.
[I 2019-10-04 04:23:10,340] Finished trial#47 resulted in value: 0.8190916089299461. Current best value is 0.8510392609240919 with parameters: {'n_conv1d_layers': 3, 'n_filters_|0': 58, 'n_filters_|1': 42, 'n_filters_|2': 42, 'n_layers': 2, 'n_units_l0': 360.2572561800284, 'n_units_l1': 179.79628166506964, 'lr': 0.0005798046692317018}.
[I 2019-10-04 04:23:14,253] Setting status of trial#48 as TrialState.PRUNED. Trial was pruned at epoch 1.
[I 2019-10-04 04:23:16,407] Setting status of trial#49 as TrialState.PRUNED. Trial was pruned at epoch 1.
[I 2019-10-04 04:23:17,942] Setting status of trial#50 as TrialState.PRUNED. Trial was pruned at epoch 1.
[I 2019-10-04 04:23:20,065] Setting status of trial#51 as TrialState.PRUNED. Trial was pruned at epoch 2.
[I 2019-10-04 04:32:34,941] Finished trial#52 resulted in value: 0.8483448806774442. Current best value is 0.8510392609240919 with parameters: {'n_conv1d_layers': 3, 'n_filters_|0': 58, 'n_filters_|1': 42, 'n_filters_|2': 42, 'n_layers': 2, 'n_units_l0': 360.2572561800284, 'n_units_l1': 179.79628166506964, 'lr': 0.0005798046692317018}.
[I 2019-10-04 04:32:36,438] Setting status of trial#53 as TrialState.PRUNED. Trial was pruned at epoch 1.
[I 2019-10-04 04:32:38,002] Setting status of trial#54 as TrialState.PRUNED. Trial was pruned at epoch 1.
[I 2019-10-04 04:32:39,521] Setting status of trial#55 as TrialState.PRUNED. Trial was pruned at epoch 1.
[I 2019-10-04 04:32:41,082] Setting status of trial#56 as TrialState.PRUNED. Trial was pruned at epoch 1.
[I 2019-10-04 04:44:36,348] Finished trial#57 resulted in value: 0.8190916089758311. Current best value is 0.8510392609240919 with parameters: {'n_conv1d_layers': 3, 'n_filters_|0': 58, 'n_filters_|1': 42, 'n_filters_|2': 42, 'n_layers': 2, 'n_units_l0': 360.2572561800284, 'n_units_l1': 179.79628166506964, 'lr': 0.0005798046692317018}.
[I 2019-10-04 04:44:37,789] Setting status of trial#58 as TrialState.PRUNED. Trial was pruned at epoch 1.
[I 2019-10-04 04:44:39,687] Setting status of trial#59 as TrialState.PRUNED. Trial was pruned at epoch 1.
[I 2019-10-04 04:44:41,570] Setting status of trial#60 as TrialState.PRUNED. Trial was pruned at epoch 1.
[I 2019-10-04 04:44:46,777] Setting status of trial#61 as TrialState.PRUNED. Trial was pruned at epoch 7.
[I 2019-10-04 04:45:17,731] Setting status of trial#62 as TrialState.PRUNED. Trial was pruned at epoch 35.
[I 2019-10-04 04:53:28,182] Finished trial#63 resulted in value: 0.8275596612320211. Current best value is 0.8510392609240919 with parameters: {'n_conv1d_layers': 3, 'n_filters_|0': 58, 'n_filters_|1': 42, 'n_filters_|2': 42, 'n_layers': 2, 'n_units_l0': 360.2572561800284, 'n_units_l1': 179.79628166506964, 'lr': 0.0005798046692317018}.
[I 2019-10-04 04:53:29,313] Setting status of trial#64 as TrialState.PRUNED. Trial was pruned at epoch 1.
[I 2019-10-04 04:53:30,936] Setting status of trial#65 as TrialState.PRUNED. Trial was pruned at epoch 1.
[I 2019-10-04 04:53:32,381] Setting status of trial#66 as TrialState.PRUNED. Trial was pruned at epoch 1.
[I 2019-10-04 04:53:35,462] Setting status of trial#67 as TrialState.PRUNED. Trial was pruned at epoch 3.
[I 2019-10-04 04:53:39,605] Setting status of trial#68 as TrialState.PRUNED. Trial was pruned at epoch 1.
[I 2019-10-04 04:53:41,527] Setting status of trial#69 as TrialState.PRUNED. Trial was pruned at epoch 1.
[I 2019-10-04 04:53:44,108] Setting status of trial#70 as TrialState.PRUNED. Trial was pruned at epoch 3.
[I 2019-10-04 04:53:45,303] Setting status of trial#71 as TrialState.PRUNED. Trial was pruned at epoch 1.
[I 2019-10-04 04:53:46,505] Setting status of trial#72 as TrialState.PRUNED. Trial was pruned at epoch 1.
[I 2019-10-04 04:53:47,781] Setting status of trial#73 as TrialState.PRUNED. Trial was pruned at epoch 1.
[I 2019-10-04 04:53:49,080] Setting status of trial#74 as TrialState.PRUNED. Trial was pruned at epoch 1.
[I 2019-10-04 04:53:50,592] Setting status of trial#75 as TrialState.PRUNED. Trial was pruned at epoch 1.
[I 2019-10-04 04:53:51,829] Setting status of trial#76 as TrialState.PRUNED. Trial was pruned at epoch 1.
[I 2019-10-04 04:53:54,426] Setting status of trial#77 as TrialState.PRUNED. Trial was pruned at epoch 1.
[I 2019-10-04 04:53:55,629] Setting status of trial#78 as TrialState.PRUNED. Trial was pruned at epoch 1.
[I 2019-10-04 04:53:57,341] Setting status of trial#79 as TrialState.PRUNED. Trial was pruned at epoch 1.
[I 2019-10-04 04:53:59,214] Setting status of trial#80 as TrialState.PRUNED. Trial was pruned at epoch 1.
[I 2019-10-04 04:54:02,539] Setting status of trial#81 as TrialState.PRUNED. Trial was pruned at epoch 5.
[I 2019-10-04 05:02:39,425] Finished trial#82 resulted in value: 0.8333333333792183. Current best value is 0.8510392609240919 with parameters: {'n_conv1d_layers': 3, 'n_filters_|0': 58, 'n_filters_|1': 42, 'n_filters_|2': 42, 'n_layers': 2, 'n_units_l0': 360.2572561800284, 'n_units_l1': 179.79628166506964, 'lr': 0.0005798046692317018}.
[I 2019-10-04 05:10:26,887] Finished trial#83 resulted in value: 0.8379522709317901. Current best value is 0.8510392609240919 with parameters: {'n_conv1d_layers': 3, 'n_filters_|0': 58, 'n_filters_|1': 42, 'n_filters_|2': 42, 'n_layers': 2, 'n_units_l0': 360.2572561800284, 'n_units_l1': 179.79628166506964, 'lr': 0.0005798046692317018}.
[I 2019-10-04 05:18:12,480] Finished trial#84 resulted in value: 0.8102386451575093. Current best value is 0.8510392609240919 with parameters: {'n_conv1d_layers': 3, 'n_filters_|0': 58, 'n_filters_|1': 42, 'n_filters_|2': 42, 'n_layers': 2, 'n_units_l0': 360.2572561800284, 'n_units_l1': 179.79628166506964, 'lr': 0.0005798046692317018}.
[I 2019-10-04 05:25:42,344] Finished trial#85 resulted in value: 0.8179368745647457. Current best value is 0.8510392609240919 with parameters: {'n_conv1d_layers': 3, 'n_filters_|0': 58, 'n_filters_|1': 42, 'n_filters_|2': 42, 'n_layers': 2, 'n_units_l0': 360.2572561800284, 'n_units_l1': 179.79628166506964, 'lr': 0.0005798046692317018}.
[I 2019-10-04 05:25:44,280] Setting status of trial#86 as TrialState.PRUNED. Trial was pruned at epoch 2.
[I 2019-10-04 05:25:46,772] Setting status of trial#87 as TrialState.PRUNED. Trial was pruned at epoch 3.
[I 2019-10-04 05:25:49,358] Setting status of trial#88 as TrialState.PRUNED. Trial was pruned at epoch 3.
[I 2019-10-04 05:25:50,687] Setting status of trial#89 as TrialState.PRUNED. Trial was pruned at epoch 1.
[I 2019-10-04 05:47:43,463] Finished trial#90 resulted in value: 0.36181678209422274. Current best value is 0.8510392609240919 with parameters: {'n_conv1d_layers': 3, 'n_filters_|0': 58, 'n_filters_|1': 42, 'n_filters_|2': 42, 'n_layers': 2, 'n_units_l0': 360.2572561800284, 'n_units_l1': 179.79628166506964, 'lr': 0.0005798046692317018}.
[I 2019-10-04 05:47:45,089] Setting status of trial#91 as TrialState.PRUNED. Trial was pruned at epoch 1.
[I 2019-10-04 05:47:46,622] Setting status of trial#92 as TrialState.PRUNED. Trial was pruned at epoch 1.
[I 2019-10-04 05:47:48,453] Setting status of trial#93 as TrialState.PRUNED. Trial was pruned at epoch 2.
[I 2019-10-04 05:47:49,983] Setting status of trial#94 as TrialState.PRUNED. Trial was pruned at epoch 1.
[I 2019-10-04 05:47:51,779] Setting status of trial#95 as TrialState.PRUNED. Trial was pruned at epoch 1.
[I 2019-10-04 05:47:53,279] Setting status of trial#96 as TrialState.PRUNED. Trial was pruned at epoch 1.
[I 2019-10-04 05:47:56,333] Setting status of trial#97 as TrialState.PRUNED. Trial was pruned at epoch 3.
[I 2019-10-04 05:47:58,960] Setting status of trial#98 as TrialState.PRUNED. Trial was pruned at epoch 1.
[I 2019-10-04 05:48:01,079] Setting status of trial#99 as TrialState.PRUNED. Trial was pruned at epoch 1.
[I 2019-10-04 05:48:03,262] Setting status of trial#100 as TrialState.PRUNED. Trial was pruned at epoch 1.
[I 2019-10-04 05:48:05,506] Setting status of trial#101 as TrialState.PRUNED. Trial was pruned at epoch 3.
[I 2019-10-04 05:56:41,264] Finished trial#102 resulted in value: 0.8094688222167857. Current best value is 0.8510392609240919 with parameters: {'n_conv1d_layers': 3, 'n_filters_|0': 58, 'n_filters_|1': 42, 'n_filters_|2': 42, 'n_layers': 2, 'n_units_l0': 360.2572561800284, 'n_units_l1': 179.79628166506964, 'lr': 0.0005798046692317018}.
[I 2019-10-04 05:56:43,400] Setting status of trial#103 as TrialState.PRUNED. Trial was pruned at epoch 2.
[I 2019-10-04 05:56:44,921] Setting status of trial#104 as TrialState.PRUNED. Trial was pruned at epoch 1.
[I 2019-10-04 05:56:46,724] Setting status of trial#105 as TrialState.PRUNED. Trial was pruned at epoch 1.
[I 2019-10-04 05:56:48,828] Setting status of trial#106 as TrialState.PRUNED. Trial was pruned at epoch 1.
[I 2019-10-04 05:56:50,552] Setting status of trial#107 as TrialState.PRUNED. Trial was pruned at epoch 1.
[I 2019-10-04 05:56:52,358] Setting status of trial#108 as TrialState.PRUNED. Trial was pruned at epoch 1.
[I 2019-10-04 05:56:54,025] Setting status of trial#109 as TrialState.PRUNED. Trial was pruned at epoch 1.
[I 2019-10-04 05:56:55,864] Setting status of trial#110 as TrialState.PRUNED. Trial was pruned at epoch 1.
[I 2019-10-04 05:56:57,396] Setting status of trial#111 as TrialState.PRUNED. Trial was pruned at epoch 1.
[I 2019-10-04 05:56:58,902] Setting status of trial#112 as TrialState.PRUNED. Trial was pruned at epoch 1.
[I 2019-10-04 05:57:00,465] Setting status of trial#113 as TrialState.PRUNED. Trial was pruned at epoch 1.
[I 2019-10-04 05:57:02,003] Setting status of trial#114 as TrialState.PRUNED. Trial was pruned at epoch 1.
[I 2019-10-04 05:57:03,535] Setting status of trial#115 as TrialState.PRUNED. Trial was pruned at epoch 1.
[I 2019-10-04 05:57:04,899] Setting status of trial#116 as TrialState.PRUNED. Trial was pruned at epoch 1.
[I 2019-10-04 05:57:06,662] Setting status of trial#117 as TrialState.PRUNED. Trial was pruned at epoch 1.
[I 2019-10-04 05:57:08,871] Setting status of trial#118 as TrialState.PRUNED. Trial was pruned at epoch 1.
[I 2019-10-04 05:57:10,282] Setting status of trial#119 as TrialState.PRUNED. Trial was pruned at epoch 1.
[I 2019-10-04 05:57:11,748] Setting status of trial#120 as TrialState.PRUNED. Trial was pruned at epoch 1.
[I 2019-10-04 05:57:13,543] Setting status of trial#121 as TrialState.PRUNED. Trial was pruned at epoch 1.
[I 2019-10-04 05:57:15,369] Setting status of trial#122 as TrialState.PRUNED. Trial was pruned at epoch 1.
[I 2019-10-04 05:57:17,288] Setting status of trial#123 as TrialState.PRUNED. Trial was pruned at epoch 1.
[I 2019-10-04 05:57:19,633] Setting status of trial#124 as TrialState.PRUNED. Trial was pruned at epoch 2.
[I 2019-10-04 05:57:21,319] Setting status of trial#125 as TrialState.PRUNED. Trial was pruned at epoch 1.
[I 2019-10-04 05:57:23,368] Setting status of trial#126 as TrialState.PRUNED. Trial was pruned at epoch 1.
[I 2019-10-04 05:57:26,386] Setting status of trial#127 as TrialState.PRUNED. Trial was pruned at epoch 1.
[I 2019-10-04 05:57:27,852] Setting status of trial#128 as TrialState.PRUNED. Trial was pruned at epoch 1.
[I 2019-10-04 05:57:29,478] Setting status of trial#129 as TrialState.PRUNED. Trial was pruned at epoch 1.
[I 2019-10-04 05:57:30,991] Setting status of trial#130 as TrialState.PRUNED. Trial was pruned at epoch 1.
[I 2019-10-04 05:57:33,017] Setting status of trial#131 as TrialState.PRUNED. Trial was pruned at epoch 1.
[I 2019-10-04 05:57:35,841] Setting status of trial#132 as TrialState.PRUNED. Trial was pruned at epoch 1.
[I 2019-10-04 05:57:38,645] Setting status of trial#133 as TrialState.PRUNED. Trial was pruned at epoch 2.
[I 2019-10-04 05:57:40,400] Setting status of trial#134 as TrialState.PRUNED. Trial was pruned at epoch 1.
[I 2019-10-04 05:57:43,186] Setting status of trial#135 as TrialState.PRUNED. Trial was pruned at epoch 2.
[I 2019-10-04 06:08:56,624] Finished trial#136 resulted in value: 0.8129330254500421. Current best value is 0.8510392609240919 with parameters: {'n_conv1d_layers': 3, 'n_filters_|0': 58, 'n_filters_|1': 42, 'n_filters_|2': 42, 'n_layers': 2, 'n_units_l0': 360.2572561800284, 'n_units_l1': 179.79628166506964, 'lr': 0.0005798046692317018}.
[I 2019-10-04 06:09:01,993] Setting status of trial#137 as TrialState.PRUNED. Trial was pruned at epoch 2.
[I 2019-10-04 06:09:03,984] Setting status of trial#138 as TrialState.PRUNED. Trial was pruned at epoch 1.
[I 2019-10-04 06:09:05,731] Setting status of trial#139 as TrialState.PRUNED. Trial was pruned at epoch 1.
[I 2019-10-04 06:09:07,552] Setting status of trial#140 as TrialState.PRUNED. Trial was pruned at epoch 1.
[I 2019-10-04 06:21:54,824] Finished trial#141 resulted in value: 0.8167821401536602. Current best value is 0.8510392609240919 with parameters: {'n_conv1d_layers': 3, 'n_filters_|0': 58, 'n_filters_|1': 42, 'n_filters_|2': 42, 'n_layers': 2, 'n_units_l0': 360.2572561800284, 'n_units_l1': 179.79628166506964, 'lr': 0.0005798046692317018}.
[I 2019-10-04 06:21:56,691] Setting status of trial#142 as TrialState.PRUNED. Trial was pruned at epoch 1.
[I 2019-10-04 06:37:28,802] Finished trial#143 resulted in value: 0.8410315627405697. Current best value is 0.8510392609240919 with parameters: {'n_conv1d_layers': 3, 'n_filters_|0': 58, 'n_filters_|1': 42, 'n_filters_|2': 42, 'n_layers': 2, 'n_units_l0': 360.2572561800284, 'n_units_l1': 179.79628166506964, 'lr': 0.0005798046692317018}.
[I 2019-10-04 06:53:05,081] Finished trial#144 resulted in value: 0.8371824480369515. Current best value is 0.8510392609240919 with parameters: {'n_conv1d_layers': 3, 'n_filters_|0': 58, 'n_filters_|1': 42, 'n_filters_|2': 42, 'n_layers': 2, 'n_units_l0': 360.2572561800284, 'n_units_l1': 179.79628166506964, 'lr': 0.0005798046692317018}.
[I 2019-10-04 06:53:07,798] Setting status of trial#145 as TrialState.PRUNED. Trial was pruned at epoch 1.
[I 2019-10-04 06:53:10,086] Setting status of trial#146 as TrialState.PRUNED. Trial was pruned at epoch 1.
[I 2019-10-04 06:53:12,480] Setting status of trial#147 as TrialState.PRUNED. Trial was pruned at epoch 1.
[I 2019-10-04 06:53:14,739] Setting status of trial#148 as TrialState.PRUNED. Trial was pruned at epoch 1.
[I 2019-10-04 06:53:17,729] Setting status of trial#149 as TrialState.PRUNED. Trial was pruned at epoch 1.
[I 2019-10-04 06:53:20,053] Setting status of trial#150 as TrialState.PRUNED. Trial was pruned at epoch 1.
[I 2019-10-04 06:53:24,542] Setting status of trial#151 as TrialState.PRUNED. Trial was pruned at epoch 3.
[I 2019-10-04 06:53:27,421] Setting status of trial#152 as TrialState.PRUNED. Trial was pruned at epoch 1.
[I 2019-10-04 06:53:29,901] Setting status of trial#153 as TrialState.PRUNED. Trial was pruned at epoch 1.
[I 2019-10-04 06:53:32,375] Setting status of trial#154 as TrialState.PRUNED. Trial was pruned at epoch 1.
[I 2019-10-04 06:53:33,935] Setting status of trial#155 as TrialState.PRUNED. Trial was pruned at epoch 1.
[I 2019-10-04 06:53:35,893] Setting status of trial#156 as TrialState.PRUNED. Trial was pruned at epoch 1.
[I 2019-10-04 06:53:37,583] Setting status of trial#157 as TrialState.PRUNED. Trial was pruned at epoch 1.
[I 2019-10-04 07:03:12,178] Finished trial#158 resulted in value: 0.8221709006928406. Current best value is 0.8510392609240919 with parameters: {'n_conv1d_layers': 3, 'n_filters_|0': 58, 'n_filters_|1': 42, 'n_filters_|2': 42, 'n_layers': 2, 'n_units_l0': 360.2572561800284, 'n_units_l1': 179.79628166506964, 'lr': 0.0005798046692317018}.
[I 2019-10-04 07:12:45,514] Finished trial#159 resulted in value: 0.8210161663276402. Current best value is 0.8510392609240919 with parameters: {'n_conv1d_layers': 3, 'n_filters_|0': 58, 'n_filters_|1': 42, 'n_filters_|2': 42, 'n_layers': 2, 'n_units_l0': 360.2572561800284, 'n_units_l1': 179.79628166506964, 'lr': 0.0005798046692317018}.
[I 2019-10-04 07:12:47,472] Setting status of trial#160 as TrialState.PRUNED. Trial was pruned at epoch 1.
[I 2019-10-04 07:12:49,395] Setting status of trial#161 as TrialState.PRUNED. Trial was pruned at epoch 1.
[I 2019-10-04 07:12:51,498] Setting status of trial#162 as TrialState.PRUNED. Trial was pruned at epoch 1.
[I 2019-10-04 07:22:01,928] Finished trial#163 resulted in value: 0.8237105465742879. Current best value is 0.8510392609240919 with parameters: {'n_conv1d_layers': 3, 'n_filters_|0': 58, 'n_filters_|1': 42, 'n_filters_|2': 42, 'n_layers': 2, 'n_units_l0': 360.2572561800284, 'n_units_l1': 179.79628166506964, 'lr': 0.0005798046692317018}.
[I 2019-10-04 07:22:04,925] Setting status of trial#164 as TrialState.PRUNED. Trial was pruned at epoch 3.
[I 2019-10-04 07:22:08,199] Setting status of trial#165 as TrialState.PRUNED. Trial was pruned at epoch 4.
[I 2019-10-04 07:22:10,072] Setting status of trial#166 as TrialState.PRUNED. Trial was pruned at epoch 1.
[I 2019-10-04 07:22:12,746] Setting status of trial#167 as TrialState.PRUNED. Trial was pruned at epoch 1.
[I 2019-10-04 07:22:14,954] Setting status of trial#168 as TrialState.PRUNED. Trial was pruned at epoch 1.
[I 2019-10-04 07:22:17,670] Setting status of trial#169 as TrialState.PRUNED. Trial was pruned at epoch 2.
[I 2019-10-04 07:22:19,641] Setting status of trial#170 as TrialState.PRUNED. Trial was pruned at epoch 1.
[I 2019-10-04 07:22:22,235] Setting status of trial#171 as TrialState.PRUNED. Trial was pruned at epoch 2.
[I 2019-10-04 07:22:24,259] Setting status of trial#172 as TrialState.PRUNED. Trial was pruned at epoch 1.
[I 2019-10-04 07:22:26,001] Setting status of trial#173 as TrialState.PRUNED. Trial was pruned at epoch 1.
[I 2019-10-04 07:22:28,090] Setting status of trial#174 as TrialState.PRUNED. Trial was pruned at epoch 1.
[I 2019-10-04 07:22:30,024] Setting status of trial#175 as TrialState.PRUNED. Trial was pruned at epoch 1.
[I 2019-10-04 07:22:33,082] Setting status of trial#176 as TrialState.PRUNED. Trial was pruned at epoch 1.
[I 2019-10-04 07:22:34,849] Setting status of trial#177 as TrialState.PRUNED. Trial was pruned at epoch 1.
[I 2019-10-04 07:22:38,417] Setting status of trial#178 as TrialState.PRUNED. Trial was pruned at epoch 1.
[I 2019-10-04 07:22:40,350] Setting status of trial#179 as TrialState.PRUNED. Trial was pruned at epoch 1.
[I 2019-10-04 07:22:42,832] Setting status of trial#180 as TrialState.PRUNED. Trial was pruned at epoch 2.
[I 2019-10-04 07:22:52,832] Setting status of trial#181 as TrialState.PRUNED. Trial was pruned at epoch 13.
[I 2019-10-04 07:22:55,197] Setting status of trial#182 as TrialState.PRUNED. Trial was pruned at epoch 2.
[I 2019-10-04 07:23:09,660] Setting status of trial#183 as TrialState.PRUNED. Trial was pruned at epoch 21.
[I 2019-10-04 07:23:11,080] Setting status of trial#184 as TrialState.PRUNED. Trial was pruned at epoch 1.
[I 2019-10-04 07:23:29,725] Setting status of trial#185 as TrialState.PRUNED. Trial was pruned at epoch 24.
[I 2019-10-04 07:23:31,817] Setting status of trial#186 as TrialState.PRUNED. Trial was pruned at epoch 1.
[I 2019-10-04 07:23:33,460] Setting status of trial#187 as TrialState.PRUNED. Trial was pruned at epoch 1.
[I 2019-10-04 07:23:35,867] Setting status of trial#188 as TrialState.PRUNED. Trial was pruned at epoch 2.
[I 2019-10-04 07:23:37,974] Setting status of trial#189 as TrialState.PRUNED. Trial was pruned at epoch 1.
[I 2019-10-04 07:23:39,693] Setting status of trial#190 as TrialState.PRUNED. Trial was pruned at epoch 1.
[I 2019-10-04 07:39:32,353] Finished trial#191 resulted in value: 0.8575827559202428. Current best value is 0.8575827559202428 with parameters: {'n_conv1d_layers': 4, 'n_filters_|0': 64, 'n_filters_|1': 51, 'n_filters_|2': 61, 'n_filters_|3': 54, 'n_layers': 1, 'n_units_l0': 805.2115559047494, 'lr': 0.0018972671897127423}.
[I 2019-10-04 07:39:35,199] Setting status of trial#192 as TrialState.PRUNED. Trial was pruned at epoch 1.
[I 2019-10-04 07:39:40,031] Setting status of trial#193 as TrialState.PRUNED. Trial was pruned at epoch 3.
[I 2019-10-04 07:39:43,181] Setting status of trial#194 as TrialState.PRUNED. Trial was pruned at epoch 1.
[I 2019-10-04 07:39:46,132] Setting status of trial#195 as TrialState.PRUNED. Trial was pruned at epoch 1.
[I 2019-10-04 07:39:48,568] Setting status of trial#196 as TrialState.PRUNED. Trial was pruned at epoch 1.
[I 2019-10-04 07:39:50,706] Setting status of trial#197 as TrialState.PRUNED. Trial was pruned at epoch 1.
[I 2019-10-04 07:39:52,831] Setting status of trial#198 as TrialState.PRUNED. Trial was pruned at epoch 1.
[I 2019-10-04 07:39:55,852] Setting status of trial#199 as TrialState.PRUNED. Trial was pruned at epoch 2.
Study statistics: 
  Number of pruned trials:  170
  Number of complete trials:  30
Best trial:
  Value:  0.8575827559202428
  Params: 
    n_conv1d_layers: 4
    n_filters_|0: 64
    n_filters_|1: 51
    n_filters_|2: 61
    n_filters_|3: 54
    n_layers: 1
    n_units_l0: 805.2115559047494
    lr: 0.0018972671897127423
19178 sec

