iteration
iteration
iteration
iteration
iteration
iteration
iteration
iteration
iteration
iteration
iteration
iteration
iteration
iteration
iteration
iteration
iteration
iteration
iteration
iteration
iteration
iteration
iteration
iteration
iteration
iteration
iteration
iteration
iteration
iteration
iteration
iteration
iteration
iteration
iteration
iteration
iteration
iteration
iteration
iteration
iteration
iteration
iteration
iteration
iteration
iteration
iteration
iteration
iteration
iteration
iteration
iteration
iteration
iteration
iteration
iteration
iteration
iteration
iteration
iteration
iteration
iteration
iteration
iteration
Using TensorFlow backend.
WARNING: Logging before flag parsing goes to stderr.
W1003 20:07:18.226299 140455551452928 deprecation_wrapper.py:119] From /home/t_shimizu/.pyenv/versions/anaconda3-2019.03/lib/python3.7/site-packages/keras/backend/tensorflow_backend.py:95: The name tf.reset_default_graph is deprecated. Please use tf.compat.v1.reset_default_graph instead.

W1003 20:07:18.226467 140455551452928 deprecation_wrapper.py:119] From /home/t_shimizu/.pyenv/versions/anaconda3-2019.03/lib/python3.7/site-packages/keras/backend/tensorflow_backend.py:98: The name tf.placeholder_with_default is deprecated. Please use tf.compat.v1.placeholder_with_default instead.

W1003 20:07:18.234291 140455551452928 deprecation_wrapper.py:119] From /home/t_shimizu/.pyenv/versions/anaconda3-2019.03/lib/python3.7/site-packages/keras/backend/tensorflow_backend.py:102: The name tf.get_default_graph is deprecated. Please use tf.compat.v1.get_default_graph instead.

W1003 20:07:18.275805 140455551452928 deprecation_wrapper.py:119] From /home/t_shimizu/.pyenv/versions/anaconda3-2019.03/lib/python3.7/site-packages/keras/backend/tensorflow_backend.py:517: The name tf.placeholder is deprecated. Please use tf.compat.v1.placeholder instead.

W1003 20:07:18.277191 140455551452928 deprecation_wrapper.py:119] From /home/t_shimizu/.pyenv/versions/anaconda3-2019.03/lib/python3.7/site-packages/keras/backend/tensorflow_backend.py:4138: The name tf.random_uniform is deprecated. Please use tf.random.uniform instead.

W1003 20:07:18.326991 140455551452928 deprecation_wrapper.py:119] From /home/t_shimizu/.pyenv/versions/anaconda3-2019.03/lib/python3.7/site-packages/keras/optimizers.py:790: The name tf.train.Optimizer is deprecated. Please use tf.compat.v1.train.Optimizer instead.

W1003 20:07:18.381060 140455551452928 deprecation.py:323] From /home/t_shimizu/.pyenv/versions/anaconda3-2019.03/lib/python3.7/site-packages/tensorflow/python/ops/math_grad.py:1250: add_dispatch_support.<locals>.wrapper (from tensorflow.python.ops.array_ops) is deprecated and will be removed in a future version.
Instructions for updating:
Use tf.where in 2.0, which has the same broadcast rule as np.where
2019-10-03 20:07:18.513177: I tensorflow/core/platform/cpu_feature_guard.cc:142] Your CPU supports instructions that this TensorFlow binary was not compiled to use: AVX2 FMA
2019-10-03 20:07:18.516717: I tensorflow/core/platform/profile_utils/cpu_utils.cc:94] CPU Frequency: 3990805000 Hz
2019-10-03 20:07:18.517060: I tensorflow/compiler/xla/service/service.cc:168] XLA service 0x55ad541dcb70 executing computations on platform Host. Devices:
2019-10-03 20:07:18.517090: I tensorflow/compiler/xla/service/service.cc:175]   StreamExecutor device (0): <undefined>, <undefined>
2019-10-03 20:07:18.577931: W tensorflow/compiler/jit/mark_for_compilation_pass.cc:1412] (One-time warning): Not using XLA:CPU for cluster because envvar TF_XLA_FLAGS=--tf_xla_cpu_global_jit was not set.  If you want XLA:CPU, either set that envvar, or use experimental_jit_scope to enable XLA:CPU.  To confirm that XLA is active, pass --vmodule=xla_compilation_cache=1 (as a proper command-line flag, not via TF_XLA_FLAGS) or set the envvar XLA_FLAGS=--xla_hlo_profile.
[I 2019-10-03 20:13:23,883] Finished trial#0 resulted in value: 0.3333333333448046. Current best value is 0.3333333333448046 with parameters: {'n_conv1d_layers': 3, 'n_filters_|0': 45, 'n_filters_|1': 38, 'n_filters_|2': 40, 'n_layers': 1, 'n_units_l0': 313.1583106535353, 'lr': 0.01623961752679068}.
[I 2019-10-03 20:17:19,126] Finished trial#1 resulted in value: 0.3287143957004628. Current best value is 0.3333333333448046 with parameters: {'n_conv1d_layers': 3, 'n_filters_|0': 45, 'n_filters_|1': 38, 'n_filters_|2': 40, 'n_layers': 1, 'n_units_l0': 313.1583106535353, 'lr': 0.01623961752679068}.
[I 2019-10-03 20:25:35,990] Finished trial#2 resulted in value: 0.8179368745647457. Current best value is 0.8179368745647457 with parameters: {'n_conv1d_layers': 3, 'n_filters_|0': 31, 'n_filters_|1': 56, 'n_filters_|2': 55, 'n_layers': 1, 'n_units_l0': 387.44038468899817, 'lr': 0.0023687764097189276}.
[I 2019-10-03 20:33:54,742] Finished trial#3 resulted in value: 0.6162432640951537. Current best value is 0.8179368745647457 with parameters: {'n_conv1d_layers': 3, 'n_filters_|0': 31, 'n_filters_|1': 56, 'n_filters_|2': 55, 'n_layers': 1, 'n_units_l0': 387.44038468899817, 'lr': 0.0023687764097189276}.
[I 2019-10-03 20:44:36,439] Finished trial#4 resulted in value: 0.3279445727712104. Current best value is 0.8179368745647457 with parameters: {'n_conv1d_layers': 3, 'n_filters_|0': 31, 'n_filters_|1': 56, 'n_filters_|2': 55, 'n_layers': 1, 'n_units_l0': 387.44038468899817, 'lr': 0.0023687764097189276}.
[I 2019-10-03 20:48:55,631] Finished trial#5 resulted in value: 0.8614318706697459. Current best value is 0.8614318706697459 with parameters: {'n_conv1d_layers': 1, 'n_filters_|0': 13, 'n_layers': 2, 'n_units_l0': 279.0341115097763, 'n_units_l1': 190.93516408152357, 'lr': 0.00022598223072940607}.
[I 2019-10-03 20:52:03,748] Finished trial#6 resulted in value: 0.5889145496994647. Current best value is 0.8614318706697459 with parameters: {'n_conv1d_layers': 1, 'n_filters_|0': 13, 'n_layers': 2, 'n_units_l0': 279.0341115097763, 'n_units_l1': 190.93516408152357, 'lr': 0.00022598223072940607}.
[I 2019-10-03 20:52:04,588] Setting status of trial#7 as TrialState.PRUNED. Trial was pruned at epoch 1.
[I 2019-10-03 20:52:07,120] Setting status of trial#8 as TrialState.PRUNED. Trial was pruned at epoch 3.
[I 2019-10-03 20:52:07,985] Setting status of trial#9 as TrialState.PRUNED. Trial was pruned at epoch 1.
[I 2019-10-03 20:52:09,143] Setting status of trial#10 as TrialState.PRUNED. Trial was pruned at epoch 1.
[I 2019-10-03 20:52:10,561] Setting status of trial#11 as TrialState.PRUNED. Trial was pruned at epoch 1.
[I 2019-10-03 21:08:10,198] Finished trial#12 resulted in value: 0.8387220939642838. Current best value is 0.8614318706697459 with parameters: {'n_conv1d_layers': 1, 'n_filters_|0': 13, 'n_layers': 2, 'n_units_l0': 279.0341115097763, 'n_units_l1': 190.93516408152357, 'lr': 0.00022598223072940607}.
[I 2019-10-03 21:08:12,033] Setting status of trial#13 as TrialState.PRUNED. Trial was pruned at epoch 1.
[I 2019-10-03 21:08:15,756] Setting status of trial#14 as TrialState.PRUNED. Trial was pruned at epoch 1.
[I 2019-10-03 21:13:00,435] Finished trial#15 resulted in value: 0.8452655888686647. Current best value is 0.8614318706697459 with parameters: {'n_conv1d_layers': 1, 'n_filters_|0': 13, 'n_layers': 2, 'n_units_l0': 279.0341115097763, 'n_units_l1': 190.93516408152357, 'lr': 0.00022598223072940607}.
[I 2019-10-03 21:13:01,332] Setting status of trial#16 as TrialState.PRUNED. Trial was pruned at epoch 1.
[I 2019-10-03 21:13:02,408] Setting status of trial#17 as TrialState.PRUNED. Trial was pruned at epoch 1.
[I 2019-10-03 21:19:08,170] Finished trial#18 resulted in value: 0.7551963048498845. Current best value is 0.8614318706697459 with parameters: {'n_conv1d_layers': 1, 'n_filters_|0': 13, 'n_layers': 2, 'n_units_l0': 279.0341115097763, 'n_units_l1': 190.93516408152357, 'lr': 0.00022598223072940607}.
[I 2019-10-03 21:19:08,938] Setting status of trial#19 as TrialState.PRUNED. Trial was pruned at epoch 1.
[I 2019-10-03 21:19:10,090] Setting status of trial#20 as TrialState.PRUNED. Trial was pruned at epoch 1.
[I 2019-10-03 21:19:11,897] Setting status of trial#21 as TrialState.PRUNED. Trial was pruned at epoch 1.
[I 2019-10-03 21:33:43,448] Finished trial#22 resulted in value: 0.8695150115932291. Current best value is 0.8695150115932291 with parameters: {'n_conv1d_layers': 2, 'n_filters_|0': 56, 'n_filters_|1': 64, 'n_layers': 1, 'n_units_l0': 711.192883179624, 'lr': 0.0009250056725742835}.
[I 2019-10-03 21:33:44,764] Setting status of trial#23 as TrialState.PRUNED. Trial was pruned at epoch 1.
[I 2019-10-03 21:33:45,788] Setting status of trial#24 as TrialState.PRUNED. Trial was pruned at epoch 1.
[I 2019-10-03 21:39:36,605] Finished trial#25 resulted in value: 0.5912240184757506. Current best value is 0.8695150115932291 with parameters: {'n_conv1d_layers': 2, 'n_filters_|0': 56, 'n_filters_|1': 64, 'n_layers': 1, 'n_units_l0': 711.192883179624, 'lr': 0.0009250056725742835}.
[I 2019-10-03 21:45:07,538] Finished trial#26 resulted in value: 0.8506543494537301. Current best value is 0.8695150115932291 with parameters: {'n_conv1d_layers': 2, 'n_filters_|0': 56, 'n_filters_|1': 64, 'n_layers': 1, 'n_units_l0': 711.192883179624, 'lr': 0.0009250056725742835}.
[I 2019-10-03 21:50:29,896] Finished trial#27 resulted in value: 0.8394919168132374. Current best value is 0.8695150115932291 with parameters: {'n_conv1d_layers': 2, 'n_filters_|0': 56, 'n_filters_|1': 64, 'n_layers': 1, 'n_units_l0': 711.192883179624, 'lr': 0.0009250056725742835}.
[I 2019-10-03 21:57:58,596] Finished trial#28 resulted in value: 0.7925327174749808. Current best value is 0.8695150115932291 with parameters: {'n_conv1d_layers': 2, 'n_filters_|0': 56, 'n_filters_|1': 64, 'n_layers': 1, 'n_units_l0': 711.192883179624, 'lr': 0.0009250056725742835}.
[I 2019-10-03 21:57:59,654] Setting status of trial#29 as TrialState.PRUNED. Trial was pruned at epoch 1.
[I 2019-10-03 21:58:01,139] Setting status of trial#30 as TrialState.PRUNED. Trial was pruned at epoch 1.
[I 2019-10-03 21:58:02,400] Setting status of trial#31 as TrialState.PRUNED. Trial was pruned at epoch 1.
[I 2019-10-03 21:58:03,766] Setting status of trial#32 as TrialState.PRUNED. Trial was pruned at epoch 1.
[I 2019-10-03 21:58:05,238] Setting status of trial#33 as TrialState.PRUNED. Trial was pruned at epoch 1.
[I 2019-10-03 22:03:54,625] Finished trial#34 resulted in value: 0.7143956890144745. Current best value is 0.8695150115932291 with parameters: {'n_conv1d_layers': 2, 'n_filters_|0': 56, 'n_filters_|1': 64, 'n_layers': 1, 'n_units_l0': 711.192883179624, 'lr': 0.0009250056725742835}.
[I 2019-10-03 22:03:56,030] Setting status of trial#35 as TrialState.PRUNED. Trial was pruned at epoch 1.
[I 2019-10-03 22:03:58,204] Setting status of trial#36 as TrialState.PRUNED. Trial was pruned at epoch 2.
[I 2019-10-03 22:09:06,819] Finished trial#37 resulted in value: 0.8175519630943838. Current best value is 0.8695150115932291 with parameters: {'n_conv1d_layers': 2, 'n_filters_|0': 56, 'n_filters_|1': 64, 'n_layers': 1, 'n_units_l0': 711.192883179624, 'lr': 0.0009250056725742835}.
[I 2019-10-03 22:09:07,907] Setting status of trial#38 as TrialState.PRUNED. Trial was pruned at epoch 1.
[I 2019-10-03 22:09:08,928] Setting status of trial#39 as TrialState.PRUNED. Trial was pruned at epoch 1.
[I 2019-10-03 22:09:10,800] Setting status of trial#40 as TrialState.PRUNED. Trial was pruned at epoch 2.
[I 2019-10-03 22:09:12,064] Setting status of trial#41 as TrialState.PRUNED. Trial was pruned at epoch 1.
[I 2019-10-03 22:09:13,337] Setting status of trial#42 as TrialState.PRUNED. Trial was pruned at epoch 1.
[I 2019-10-03 22:09:15,490] Setting status of trial#43 as TrialState.PRUNED. Trial was pruned at epoch 1.
[I 2019-10-03 22:09:17,405] Setting status of trial#44 as TrialState.PRUNED. Trial was pruned at epoch 1.
[I 2019-10-03 22:09:19,460] Setting status of trial#45 as TrialState.PRUNED. Trial was pruned at epoch 2.
[I 2019-10-03 22:09:20,923] Setting status of trial#46 as TrialState.PRUNED. Trial was pruned at epoch 1.
[I 2019-10-03 22:09:22,153] Setting status of trial#47 as TrialState.PRUNED. Trial was pruned at epoch 1.
[I 2019-10-03 22:09:23,672] Setting status of trial#48 as TrialState.PRUNED. Trial was pruned at epoch 1.
[I 2019-10-03 22:09:24,764] Setting status of trial#49 as TrialState.PRUNED. Trial was pruned at epoch 1.
[I 2019-10-03 22:09:26,316] Setting status of trial#50 as TrialState.PRUNED. Trial was pruned at epoch 1.
[I 2019-10-03 22:25:50,118] Finished trial#51 resulted in value: 0.8687451885607355. Current best value is 0.8695150115932291 with parameters: {'n_conv1d_layers': 2, 'n_filters_|0': 56, 'n_filters_|1': 64, 'n_layers': 1, 'n_units_l0': 711.192883179624, 'lr': 0.0009250056725742835}.
[I 2019-10-03 22:43:02,447] Finished trial#52 resulted in value: 0.8491147036181679. Current best value is 0.8695150115932291 with parameters: {'n_conv1d_layers': 2, 'n_filters_|0': 56, 'n_filters_|1': 64, 'n_layers': 1, 'n_units_l0': 711.192883179624, 'lr': 0.0009250056725742835}.
[I 2019-10-03 22:43:05,105] Setting status of trial#53 as TrialState.PRUNED. Trial was pruned at epoch 1.
[I 2019-10-03 22:43:09,521] Setting status of trial#54 as TrialState.PRUNED. Trial was pruned at epoch 3.
[I 2019-10-03 22:43:11,680] Setting status of trial#55 as TrialState.PRUNED. Trial was pruned at epoch 1.
[I 2019-10-03 23:01:42,357] Finished trial#56 resulted in value: 0.8652809854192491. Current best value is 0.8695150115932291 with parameters: {'n_conv1d_layers': 2, 'n_filters_|0': 56, 'n_filters_|1': 64, 'n_layers': 1, 'n_units_l0': 711.192883179624, 'lr': 0.0009250056725742835}.
[I 2019-10-03 23:01:44,904] Setting status of trial#57 as TrialState.PRUNED. Trial was pruned at epoch 1.
[I 2019-10-03 23:01:47,099] Setting status of trial#58 as TrialState.PRUNED. Trial was pruned at epoch 1.
[I 2019-10-03 23:01:49,809] Setting status of trial#59 as TrialState.PRUNED. Trial was pruned at epoch 1.
[I 2019-10-03 23:10:04,911] Finished trial#60 resulted in value: 0.8329484218629715. Current best value is 0.8695150115932291 with parameters: {'n_conv1d_layers': 2, 'n_filters_|0': 56, 'n_filters_|1': 64, 'n_layers': 1, 'n_units_l0': 711.192883179624, 'lr': 0.0009250056725742835}.
[I 2019-10-03 23:10:07,685] Setting status of trial#61 as TrialState.PRUNED. Trial was pruned at epoch 1.
[I 2019-10-03 23:23:55,684] Finished trial#62 resulted in value: 0.8521939953351774. Current best value is 0.8695150115932291 with parameters: {'n_conv1d_layers': 2, 'n_filters_|0': 56, 'n_filters_|1': 64, 'n_layers': 1, 'n_units_l0': 711.192883179624, 'lr': 0.0009250056725742835}.
[I 2019-10-03 23:23:58,640] Setting status of trial#63 as TrialState.PRUNED. Trial was pruned at epoch 2.
[I 2019-10-03 23:40:49,060] Finished trial#64 resulted in value: 0.8533487297921478. Current best value is 0.8695150115932291 with parameters: {'n_conv1d_layers': 2, 'n_filters_|0': 56, 'n_filters_|1': 64, 'n_layers': 1, 'n_units_l0': 711.192883179624, 'lr': 0.0009250056725742835}.
[I 2019-10-03 23:40:51,808] Setting status of trial#65 as TrialState.PRUNED. Trial was pruned at epoch 2.
[I 2019-10-03 23:40:54,170] Setting status of trial#66 as TrialState.PRUNED. Trial was pruned at epoch 1.
[I 2019-10-03 23:40:55,555] Setting status of trial#67 as TrialState.PRUNED. Trial was pruned at epoch 1.
[I 2019-10-03 23:40:58,048] Setting status of trial#68 as TrialState.PRUNED. Trial was pruned at epoch 1.
[I 2019-10-03 23:41:01,563] Setting status of trial#69 as TrialState.PRUNED. Trial was pruned at epoch 2.
[I 2019-10-03 23:41:03,354] Setting status of trial#70 as TrialState.PRUNED. Trial was pruned at epoch 1.
[I 2019-10-03 23:41:06,999] Setting status of trial#71 as TrialState.PRUNED. Trial was pruned at epoch 2.
[I 2019-10-03 23:41:09,735] Setting status of trial#72 as TrialState.PRUNED. Trial was pruned at epoch 1.
[I 2019-10-03 23:41:12,862] Setting status of trial#73 as TrialState.PRUNED. Trial was pruned at epoch 2.
[I 2019-10-03 23:41:15,606] Setting status of trial#74 as TrialState.PRUNED. Trial was pruned at epoch 1.
[I 2019-10-03 23:41:18,046] Setting status of trial#75 as TrialState.PRUNED. Trial was pruned at epoch 1.
[I 2019-10-03 23:41:20,514] Setting status of trial#76 as TrialState.PRUNED. Trial was pruned at epoch 1.
[I 2019-10-03 23:41:23,089] Setting status of trial#77 as TrialState.PRUNED. Trial was pruned at epoch 2.
[I 2019-10-03 23:41:25,829] Setting status of trial#78 as TrialState.PRUNED. Trial was pruned at epoch 1.
[I 2019-10-03 23:41:33,703] Setting status of trial#79 as TrialState.PRUNED. Trial was pruned at epoch 12.
[I 2019-10-03 23:41:36,271] Setting status of trial#80 as TrialState.PRUNED. Trial was pruned at epoch 2.
[I 2019-10-03 23:41:37,897] Setting status of trial#81 as TrialState.PRUNED. Trial was pruned at epoch 2.
[I 2019-10-03 23:41:39,241] Setting status of trial#82 as TrialState.PRUNED. Trial was pruned at epoch 1.
[I 2019-10-03 23:41:42,120] Setting status of trial#83 as TrialState.PRUNED. Trial was pruned at epoch 2.
[I 2019-10-03 23:41:43,406] Setting status of trial#84 as TrialState.PRUNED. Trial was pruned at epoch 1.
[I 2019-10-03 23:54:46,382] Finished trial#85 resulted in value: 0.8575827559661278. Current best value is 0.8695150115932291 with parameters: {'n_conv1d_layers': 2, 'n_filters_|0': 56, 'n_filters_|1': 64, 'n_layers': 1, 'n_units_l0': 711.192883179624, 'lr': 0.0009250056725742835}.
[I 2019-10-03 23:54:48,257] Setting status of trial#86 as TrialState.PRUNED. Trial was pruned at epoch 1.
[I 2019-10-03 23:54:50,535] Setting status of trial#87 as TrialState.PRUNED. Trial was pruned at epoch 1.
[I 2019-10-03 23:54:52,864] Setting status of trial#88 as TrialState.PRUNED. Trial was pruned at epoch 1.
[I 2019-10-04 00:08:01,036] Finished trial#89 resulted in value: 0.8379522709776751. Current best value is 0.8695150115932291 with parameters: {'n_conv1d_layers': 2, 'n_filters_|0': 56, 'n_filters_|1': 64, 'n_layers': 1, 'n_units_l0': 711.192883179624, 'lr': 0.0009250056725742835}.
[I 2019-10-04 00:08:02,240] Setting status of trial#90 as TrialState.PRUNED. Trial was pruned at epoch 1.
[I 2019-10-04 00:08:04,405] Setting status of trial#91 as TrialState.PRUNED. Trial was pruned at epoch 2.
[I 2019-10-04 00:08:06,195] Setting status of trial#92 as TrialState.PRUNED. Trial was pruned at epoch 2.
[I 2019-10-04 00:08:07,649] Setting status of trial#93 as TrialState.PRUNED. Trial was pruned at epoch 1.
[I 2019-10-04 00:08:09,611] Setting status of trial#94 as TrialState.PRUNED. Trial was pruned at epoch 1.
[I 2019-10-04 00:08:11,521] Setting status of trial#95 as TrialState.PRUNED. Trial was pruned at epoch 2.
[I 2019-10-04 00:08:13,580] Setting status of trial#96 as TrialState.PRUNED. Trial was pruned at epoch 1.
[I 2019-10-04 00:16:58,453] Finished trial#97 resulted in value: 0.8364126250503429. Current best value is 0.8695150115932291 with parameters: {'n_conv1d_layers': 2, 'n_filters_|0': 56, 'n_filters_|1': 64, 'n_layers': 1, 'n_units_l0': 711.192883179624, 'lr': 0.0009250056725742835}.
[I 2019-10-04 00:16:59,706] Setting status of trial#98 as TrialState.PRUNED. Trial was pruned at epoch 1.
[I 2019-10-04 00:17:01,461] Setting status of trial#99 as TrialState.PRUNED. Trial was pruned at epoch 1.
[I 2019-10-04 00:17:03,668] Setting status of trial#100 as TrialState.PRUNED. Trial was pruned at epoch 1.
[I 2019-10-04 00:17:04,934] Setting status of trial#101 as TrialState.PRUNED. Trial was pruned at epoch 1.
[I 2019-10-04 00:17:06,829] Setting status of trial#102 as TrialState.PRUNED. Trial was pruned at epoch 2.
[I 2019-10-04 00:17:08,710] Setting status of trial#103 as TrialState.PRUNED. Trial was pruned at epoch 2.
[I 2019-10-04 00:17:10,162] Setting status of trial#104 as TrialState.PRUNED. Trial was pruned at epoch 1.
[I 2019-10-04 00:17:11,615] Setting status of trial#105 as TrialState.PRUNED. Trial was pruned at epoch 1.
[I 2019-10-04 00:17:14,375] Setting status of trial#106 as TrialState.PRUNED. Trial was pruned at epoch 1.
[I 2019-10-04 00:17:16,016] Setting status of trial#107 as TrialState.PRUNED. Trial was pruned at epoch 2.
[I 2019-10-04 00:17:25,840] Setting status of trial#108 as TrialState.PRUNED. Trial was pruned at epoch 12.
[I 2019-10-04 00:17:30,102] Setting status of trial#109 as TrialState.PRUNED. Trial was pruned at epoch 2.
[I 2019-10-04 00:28:24,131] Finished trial#110 resulted in value: 0.8394919168591224. Current best value is 0.8695150115932291 with parameters: {'n_conv1d_layers': 2, 'n_filters_|0': 56, 'n_filters_|1': 64, 'n_layers': 1, 'n_units_l0': 711.192883179624, 'lr': 0.0009250056725742835}.
[I 2019-10-04 00:39:47,022] Finished trial#111 resulted in value: 0.8356428022013893. Current best value is 0.8695150115932291 with parameters: {'n_conv1d_layers': 2, 'n_filters_|0': 56, 'n_filters_|1': 64, 'n_layers': 1, 'n_units_l0': 711.192883179624, 'lr': 0.0009250056725742835}.
[I 2019-10-04 00:40:01,150] Setting status of trial#112 as TrialState.PRUNED. Trial was pruned at epoch 12.
[I 2019-10-04 00:40:03,044] Setting status of trial#113 as TrialState.PRUNED. Trial was pruned at epoch 2.
[I 2019-10-04 00:40:05,386] Setting status of trial#114 as TrialState.PRUNED. Trial was pruned at epoch 1.
[I 2019-10-04 00:40:07,177] Setting status of trial#115 as TrialState.PRUNED. Trial was pruned at epoch 2.
[I 2019-10-04 00:40:09,166] Setting status of trial#116 as TrialState.PRUNED. Trial was pruned at epoch 2.
[I 2019-10-04 00:40:11,198] Setting status of trial#117 as TrialState.PRUNED. Trial was pruned at epoch 1.
[I 2019-10-04 00:40:12,806] Setting status of trial#118 as TrialState.PRUNED. Trial was pruned at epoch 1.
[I 2019-10-04 00:40:20,608] Setting status of trial#119 as TrialState.PRUNED. Trial was pruned at epoch 11.
[I 2019-10-04 00:40:22,393] Setting status of trial#120 as TrialState.PRUNED. Trial was pruned at epoch 1.
[I 2019-10-04 00:40:24,906] Setting status of trial#121 as TrialState.PRUNED. Trial was pruned at epoch 1.
[I 2019-10-04 00:40:27,646] Setting status of trial#122 as TrialState.PRUNED. Trial was pruned at epoch 1.
[I 2019-10-04 00:40:30,338] Setting status of trial#123 as TrialState.PRUNED. Trial was pruned at epoch 1.
[I 2019-10-04 00:40:33,751] Setting status of trial#124 as TrialState.PRUNED. Trial was pruned at epoch 2.
[I 2019-10-04 00:40:36,475] Setting status of trial#125 as TrialState.PRUNED. Trial was pruned at epoch 1.
[I 2019-10-04 00:48:28,911] Finished trial#126 resulted in value: 0.8414164741650465. Current best value is 0.8695150115932291 with parameters: {'n_conv1d_layers': 2, 'n_filters_|0': 56, 'n_filters_|1': 64, 'n_layers': 1, 'n_units_l0': 711.192883179624, 'lr': 0.0009250056725742835}.
[I 2019-10-04 00:56:38,068] Finished trial#127 resulted in value: 0.8510392610158619. Current best value is 0.8695150115932291 with parameters: {'n_conv1d_layers': 2, 'n_filters_|0': 56, 'n_filters_|1': 64, 'n_layers': 1, 'n_units_l0': 711.192883179624, 'lr': 0.0009250056725742835}.
[I 2019-10-04 00:56:45,418] Setting status of trial#128 as TrialState.PRUNED. Trial was pruned at epoch 12.
[I 2019-10-04 00:56:47,117] Setting status of trial#129 as TrialState.PRUNED. Trial was pruned at epoch 1.
[I 2019-10-04 01:05:19,076] Finished trial#130 resulted in value: 0.8483448806315592. Current best value is 0.8695150115932291 with parameters: {'n_conv1d_layers': 2, 'n_filters_|0': 56, 'n_filters_|1': 64, 'n_layers': 1, 'n_units_l0': 711.192883179624, 'lr': 0.0009250056725742835}.
[I 2019-10-04 01:05:20,917] Setting status of trial#131 as TrialState.PRUNED. Trial was pruned at epoch 1.
[I 2019-10-04 01:13:58,888] Finished trial#132 resulted in value: 0.8214010777980021. Current best value is 0.8695150115932291 with parameters: {'n_conv1d_layers': 2, 'n_filters_|0': 56, 'n_filters_|1': 64, 'n_layers': 1, 'n_units_l0': 711.192883179624, 'lr': 0.0009250056725742835}.
[I 2019-10-04 01:22:40,413] Finished trial#133 resulted in value: 0.8410315626946846. Current best value is 0.8695150115932291 with parameters: {'n_conv1d_layers': 2, 'n_filters_|0': 56, 'n_filters_|1': 64, 'n_layers': 1, 'n_units_l0': 711.192883179624, 'lr': 0.0009250056725742835}.
[I 2019-10-04 01:22:42,166] Setting status of trial#134 as TrialState.PRUNED. Trial was pruned at epoch 1.
[I 2019-10-04 01:22:43,966] Setting status of trial#135 as TrialState.PRUNED. Trial was pruned at epoch 1.
[I 2019-10-04 01:22:45,952] Setting status of trial#136 as TrialState.PRUNED. Trial was pruned at epoch 1.
[I 2019-10-04 01:22:48,213] Setting status of trial#137 as TrialState.PRUNED. Trial was pruned at epoch 2.
[I 2019-10-04 01:22:50,053] Setting status of trial#138 as TrialState.PRUNED. Trial was pruned at epoch 1.
[I 2019-10-04 01:22:51,812] Setting status of trial#139 as TrialState.PRUNED. Trial was pruned at epoch 1.
[I 2019-10-04 01:22:53,879] Setting status of trial#140 as TrialState.PRUNED. Trial was pruned at epoch 1.
[I 2019-10-04 01:31:14,063] Finished trial#141 resulted in value: 0.8418013856812933. Current best value is 0.8695150115932291 with parameters: {'n_conv1d_layers': 2, 'n_filters_|0': 56, 'n_filters_|1': 64, 'n_layers': 1, 'n_units_l0': 711.192883179624, 'lr': 0.0009250056725742835}.
[I 2019-10-04 01:31:15,724] Setting status of trial#142 as TrialState.PRUNED. Trial was pruned at epoch 1.
[I 2019-10-04 01:31:20,513] Setting status of trial#143 as TrialState.PRUNED. Trial was pruned at epoch 7.
[I 2019-10-04 01:31:22,278] Setting status of trial#144 as TrialState.PRUNED. Trial was pruned at epoch 1.
[I 2019-10-04 01:31:24,145] Setting status of trial#145 as TrialState.PRUNED. Trial was pruned at epoch 1.
[I 2019-10-04 01:31:26,308] Setting status of trial#146 as TrialState.PRUNED. Trial was pruned at epoch 2.
[I 2019-10-04 01:31:28,612] Setting status of trial#147 as TrialState.PRUNED. Trial was pruned at epoch 2.
[I 2019-10-04 01:31:30,551] Setting status of trial#148 as TrialState.PRUNED. Trial was pruned at epoch 1.
[I 2019-10-04 01:31:32,389] Setting status of trial#149 as TrialState.PRUNED. Trial was pruned at epoch 1.
[I 2019-10-04 01:31:34,038] Setting status of trial#150 as TrialState.PRUNED. Trial was pruned at epoch 1.
[I 2019-10-04 01:47:28,560] Finished trial#151 resulted in value: 0.8206312548113934. Current best value is 0.8695150115932291 with parameters: {'n_conv1d_layers': 2, 'n_filters_|0': 56, 'n_filters_|1': 64, 'n_layers': 1, 'n_units_l0': 711.192883179624, 'lr': 0.0009250056725742835}.
[I 2019-10-04 01:47:31,790] Setting status of trial#152 as TrialState.PRUNED. Trial was pruned at epoch 2.
[I 2019-10-04 01:47:33,517] Setting status of trial#153 as TrialState.PRUNED. Trial was pruned at epoch 1.
[I 2019-10-04 02:02:51,122] Finished trial#154 resulted in value: 0.8414164741650465. Current best value is 0.8695150115932291 with parameters: {'n_conv1d_layers': 2, 'n_filters_|0': 56, 'n_filters_|1': 64, 'n_layers': 1, 'n_units_l0': 711.192883179624, 'lr': 0.0009250056725742835}.
[I 2019-10-04 02:02:53,742] Setting status of trial#155 as TrialState.PRUNED. Trial was pruned at epoch 1.
[I 2019-10-04 02:02:55,495] Setting status of trial#156 as TrialState.PRUNED. Trial was pruned at epoch 1.
[I 2019-10-04 02:19:05,426] Finished trial#157 resulted in value: 0.8460354119011583. Current best value is 0.8695150115932291 with parameters: {'n_conv1d_layers': 2, 'n_filters_|0': 56, 'n_filters_|1': 64, 'n_layers': 1, 'n_units_l0': 711.192883179624, 'lr': 0.0009250056725742835}.
[I 2019-10-04 02:19:08,168] Setting status of trial#158 as TrialState.PRUNED. Trial was pruned at epoch 1.
[I 2019-10-04 02:19:10,883] Setting status of trial#159 as TrialState.PRUNED. Trial was pruned at epoch 1.
[I 2019-10-04 02:19:13,554] Setting status of trial#160 as TrialState.PRUNED. Trial was pruned at epoch 1.
[I 2019-10-04 02:19:16,576] Setting status of trial#161 as TrialState.PRUNED. Trial was pruned at epoch 1.
[I 2019-10-04 02:19:19,910] Setting status of trial#162 as TrialState.PRUNED. Trial was pruned at epoch 2.
[I 2019-10-04 02:19:28,386] Setting status of trial#163 as TrialState.PRUNED. Trial was pruned at epoch 7.
[I 2019-10-04 02:19:30,228] Setting status of trial#164 as TrialState.PRUNED. Trial was pruned at epoch 1.
[I 2019-10-04 02:19:32,120] Setting status of trial#165 as TrialState.PRUNED. Trial was pruned at epoch 1.
[I 2019-10-04 02:19:33,758] Setting status of trial#166 as TrialState.PRUNED. Trial was pruned at epoch 1.
[I 2019-10-04 02:19:35,689] Setting status of trial#167 as TrialState.PRUNED. Trial was pruned at epoch 1.
[I 2019-10-04 02:19:38,537] Setting status of trial#168 as TrialState.PRUNED. Trial was pruned at epoch 1.
[I 2019-10-04 02:19:40,099] Setting status of trial#169 as TrialState.PRUNED. Trial was pruned at epoch 1.
[I 2019-10-04 02:19:42,065] Setting status of trial#170 as TrialState.PRUNED. Trial was pruned at epoch 2.
[I 2019-10-04 02:19:45,484] Setting status of trial#171 as TrialState.PRUNED. Trial was pruned at epoch 2.
[I 2019-10-04 02:19:49,034] Setting status of trial#172 as TrialState.PRUNED. Trial was pruned at epoch 2.
[I 2019-10-04 02:19:52,707] Setting status of trial#173 as TrialState.PRUNED. Trial was pruned at epoch 2.
[I 2019-10-04 02:19:56,163] Setting status of trial#174 as TrialState.PRUNED. Trial was pruned at epoch 2.
[I 2019-10-04 02:19:59,528] Setting status of trial#175 as TrialState.PRUNED. Trial was pruned at epoch 2.
[I 2019-10-04 02:20:02,795] Setting status of trial#176 as TrialState.PRUNED. Trial was pruned at epoch 2.
[I 2019-10-04 02:20:11,723] Setting status of trial#177 as TrialState.PRUNED. Trial was pruned at epoch 7.
[I 2019-10-04 02:20:14,157] Setting status of trial#178 as TrialState.PRUNED. Trial was pruned at epoch 2.
[I 2019-10-04 02:20:16,513] Setting status of trial#179 as TrialState.PRUNED. Trial was pruned at epoch 2.
[I 2019-10-04 02:20:19,660] Setting status of trial#180 as TrialState.PRUNED. Trial was pruned at epoch 1.
[I 2019-10-04 02:20:21,482] Setting status of trial#181 as TrialState.PRUNED. Trial was pruned at epoch 1.
[I 2019-10-04 02:20:23,198] Setting status of trial#182 as TrialState.PRUNED. Trial was pruned at epoch 1.
[I 2019-10-04 02:20:25,379] Setting status of trial#183 as TrialState.PRUNED. Trial was pruned at epoch 2.
[I 2019-10-04 02:20:26,873] Setting status of trial#184 as TrialState.PRUNED. Trial was pruned at epoch 1.
[I 2019-10-04 02:20:29,211] Setting status of trial#185 as TrialState.PRUNED. Trial was pruned at epoch 1.
[I 2019-10-04 02:20:30,932] Setting status of trial#186 as TrialState.PRUNED. Trial was pruned at epoch 1.
[I 2019-10-04 02:28:45,940] Finished trial#187 resulted in value: 0.8468052347501119. Current best value is 0.8695150115932291 with parameters: {'n_conv1d_layers': 2, 'n_filters_|0': 56, 'n_filters_|1': 64, 'n_layers': 1, 'n_units_l0': 711.192883179624, 'lr': 0.0009250056725742835}.
[I 2019-10-04 02:28:47,764] Setting status of trial#188 as TrialState.PRUNED. Trial was pruned at epoch 1.
[I 2019-10-04 02:28:49,948] Setting status of trial#189 as TrialState.PRUNED. Trial was pruned at epoch 2.
[I 2019-10-04 02:28:53,722] Setting status of trial#190 as TrialState.PRUNED. Trial was pruned at epoch 2.
[I 2019-10-04 02:37:10,585] Finished trial#191 resulted in value: 0.8498845266047764. Current best value is 0.8695150115932291 with parameters: {'n_conv1d_layers': 2, 'n_filters_|0': 56, 'n_filters_|1': 64, 'n_layers': 1, 'n_units_l0': 711.192883179624, 'lr': 0.0009250056725742835}.
[I 2019-10-04 02:45:26,054] Finished trial#192 resulted in value: 0.8394919168591224. Current best value is 0.8695150115932291 with parameters: {'n_conv1d_layers': 2, 'n_filters_|0': 56, 'n_filters_|1': 64, 'n_layers': 1, 'n_units_l0': 711.192883179624, 'lr': 0.0009250056725742835}.
[I 2019-10-04 02:45:27,811] Setting status of trial#193 as TrialState.PRUNED. Trial was pruned at epoch 1.
[I 2019-10-04 02:45:29,633] Setting status of trial#194 as TrialState.PRUNED. Trial was pruned at epoch 1.
[I 2019-10-04 02:45:31,464] Setting status of trial#195 as TrialState.PRUNED. Trial was pruned at epoch 1.
[I 2019-10-04 02:45:33,176] Setting status of trial#196 as TrialState.PRUNED. Trial was pruned at epoch 1.
[I 2019-10-04 02:45:35,281] Setting status of trial#197 as TrialState.PRUNED. Trial was pruned at epoch 1.
[I 2019-10-04 02:45:37,165] Setting status of trial#198 as TrialState.PRUNED. Trial was pruned at epoch 1.
[I 2019-10-04 02:45:39,139] Setting status of trial#199 as TrialState.PRUNED. Trial was pruned at epoch 1.
Study statistics: 
  Number of pruned trials:  160
  Number of complete trials:  40
Best trial:
  Value:  0.8695150115932291
  Params: 
    n_conv1d_layers: 2
    n_filters_|0: 56
    n_filters_|1: 64
    n_layers: 1
    n_units_l0: 711.192883179624
    lr: 0.0009250056725742835
23901 sec

