iteration
iteration
iteration
iteration
iteration
iteration
iteration
iteration
iteration
iteration
iteration
iteration
iteration
iteration
iteration
iteration
iteration
iteration
iteration
iteration
iteration
iteration
iteration
iteration
iteration
iteration
iteration
iteration
iteration
iteration
iteration
iteration
iteration
iteration
iteration
iteration
_________________________________________________________________
Layer (type)                 Output Shape              Param #   
=================================================================
flatten (Flatten)            (None, 36)                0         
_________________________________________________________________
dense (Dense)                (None, 1000)              37000     
_________________________________________________________________
dense_1 (Dense)              (None, 9)                 9009      
=================================================================
Total params: 46,009
Trainable params: 46,009
Non-trainable params: 0
_________________________________________________________________
1.346166571639282
............................................................0.0442582070067613
............................................................0.04155763919310252
............................................................0.03583507837188631
............................................................0.038879301769475225
............................................................
           loss  categorical_accuracy  epoch
2995  0.036315              0.986266   2995
2996  0.033240              0.986266   2996
2997  0.036122              0.985368   2997
2998  0.034245              0.986908   2998
2999  0.035222              0.985239   2999
true count 2079  false count 519
accuracy rate 0.8002309468822171

1.346748779519595
............................................................0.041620978085896036
............................................................0.03711545438921374
............................................................0.036554036293372304
............................................................0.03725923498740114
............................................................
           loss  categorical_accuracy  epoch
2995  0.035518              0.984854   2995
2996  0.033976              0.985881   2996
2997  0.035957              0.985239   2997
2998  0.033397              0.986780   2998
2999  0.035143              0.984341   2999
true count 2081  false count 517
accuracy rate 0.8010007698229408

1.3441953560672848
............................................................0.04257007492656571
............................................................0.04144240041282707
............................................................0.039534837636959225
............................................................0.03372442093722132
............................................................
           loss  categorical_accuracy  epoch
2995  0.034195              0.987293   2995
2996  0.034158              0.985624   2996
2997  0.034065              0.987550   2997
2998  0.033852              0.985881   2998
2999  0.033435              0.987293   2999
true count 2092  false count 506
accuracy rate 0.8052347959969207

1.3494067205312912
............................................................0.04839155769606539
............................................................0.041658436575496234
............................................................0.038491354524811366
............................................................0.03705739725544534
............................................................
           loss  categorical_accuracy  epoch
2995  0.034954              0.984598   2995
2996  0.035160              0.985368   2996
2997  0.035841              0.985496   2997
2998  0.034399              0.984598   2998
2999  0.034997              0.985753   2999
true count 2060  false count 538
accuracy rate 0.7929176289453426

1.3481284169112744
............................................................0.04358593302932334
............................................................0.04030990947202808
............................................................0.03700329313905975
............................................................0.03501215491814923
............................................................
           loss  categorical_accuracy  epoch
2995  0.034609              0.985624   2995
2996  0.034939              0.985496   2996
2997  0.033708              0.984983   2997
2998  0.035637              0.985624   2998
2999  0.034361              0.984983   2999
true count 2076  false count 522
accuracy rate 0.7990762124711316

_________________________________________________________________
Layer (type)                 Output Shape              Param #   
=================================================================
flatten_5 (Flatten)          (None, 36)                0         
_________________________________________________________________
dense_10 (Dense)             (None, 500)               18500     
_________________________________________________________________
dense_11 (Dense)             (None, 9)                 4509      
=================================================================
Total params: 23,009
Trainable params: 23,009
Non-trainable params: 0
_________________________________________________________________
1.4282993892545557
............................................................0.03690311515331488
............................................................0.04160823738936903
............................................................0.038555047520838714
............................................................0.038070561440364255
............................................................
           loss  categorical_accuracy  epoch
2995  0.038252              0.987165   2995
2996  0.035953              0.985111   2996
2997  0.036542              0.985496   2997
2998  0.035303              0.985624   2998
2999  0.037152              0.985753   2999
true count 2073  false count 525
accuracy rate 0.7979214780600462

1.4185586543463264
............................................................0.03951569574551854
............................................................0.041644291100138855
............................................................0.03731673224851532
............................................................0.036562469735080316
............................................................
           loss  categorical_accuracy  epoch
2995  0.034168              0.986651   2995
2996  0.035676              0.985239   2996
2997  0.036208              0.986395   2997
2998  0.036696              0.985368   2998
2999  0.034874              0.986395   2999
true count 2089  false count 509
accuracy rate 0.8040800615858352

1.4429498535266907
............................................................0.0396953080728805
............................................................0.03925856133499463
............................................................0.03846530507127056
............................................................0.0364370550891157
............................................................
           loss  categorical_accuracy  epoch
2995  0.036967              0.985753   2995
2996  0.036848              0.985239   2996
2997  0.036757              0.984854   2997
2998  0.036603              0.986009   2998
2999  0.034781              0.984983   2999
true count 2094  false count 504
accuracy rate 0.8060046189376443

1.4331139828883062
............................................................0.03975565515477949
............................................................0.039066135462041116
............................................................0.03913818287286826
............................................................0.037058762637036606
............................................................
           loss  categorical_accuracy  epoch
2995  0.037787              0.985496   2995
2996  0.036615              0.984983   2996
2997  0.034940              0.984854   2997
2998  0.038040              0.985368   2998
2999  0.034225              0.984598   2999
true count 2102  false count 496
accuracy rate 0.8090839107005389

1.448370639005746
............................................................0.03929278848905493
............................................................0.036397121944689775
............................................................0.03501522243300247
............................................................0.03675987077873041
............................................................
           loss  categorical_accuracy  epoch
2995  0.033354              0.984983   2995
2996  0.036811              0.986138   2996
2997  0.034228              0.985368   2997
2998  0.035881              0.987165   2998
2999  0.034221              0.985239   2999
true count 2125  false count 473
accuracy rate 0.8179368745188607

_________________________________________________________________
Layer (type)                 Output Shape              Param #   
=================================================================
flatten_10 (Flatten)         (None, 36)                0         
_________________________________________________________________
dense_20 (Dense)             (None, 300)               11100     
_________________________________________________________________
dense_21 (Dense)             (None, 9)                 2709      
=================================================================
Total params: 13,809
Trainable params: 13,809
Non-trainable params: 0
_________________________________________________________________
1.5223951645586613
............................................................0.03393866439400036
............................................................0.033813362733403345
............................................................0.034507619772876114
............................................................0.03607728973116006
............................................................
           loss  categorical_accuracy  epoch
2995  0.037113              0.986780   2995
2996  0.036981              0.985753   2996
2997  0.036332              0.986395   2997
2998  0.035853              0.986009   2998
2999  0.034117              0.986266   2999
true count 2073  false count 525
accuracy rate 0.7979214780600462

1.527783286302207
............................................................0.03383081516491479
............................................................0.036108441358491825
............................................................0.0368872984977735
............................................................0.034965206150581386
............................................................
           loss  categorical_accuracy  epoch
2995  0.036207              0.985368   2995
2996  0.035523              0.986523   2996
2997  0.035563              0.985753   2997
2998  0.035317              0.984983   2998
2999  0.036041              0.987421   2999
true count 2125  false count 473
accuracy rate 0.8179368745188607

1.5094343028468202
............................................................0.033818221656038275
............................................................0.036594643429035977
............................................................0.03402478676939608
............................................................0.034836894387585256
............................................................
           loss  categorical_accuracy  epoch
2995  0.034777              0.985368   2995
2996  0.035711              0.985368   2996
2997  0.037035              0.985753   2997
2998  0.036280              0.985496   2998
2999  0.034930              0.985753   2999
true count 2104  false count 494
accuracy rate 0.8098537336412626

1.5241769849068239
............................................................0.03518730609863853
............................................................0.03751966054123954
............................................................0.03560794151606326
............................................................0.036890978601907834
............................................................
           loss  categorical_accuracy  epoch
2995  0.036090              0.986651   2995
2996  0.035813              0.984213   2996
2997  0.036189              0.986138   2997
2998  0.037234              0.985496   2998
2999  0.035572              0.985624   2999
true count 2073  false count 525
accuracy rate 0.7979214780600462

1.5261597856601905
............................................................0.03398579812218128
............................................................0.03667639758910616
............................................................0.03747809507576633
............................................................0.03643885639599787
............................................................
           loss  categorical_accuracy  epoch
2995  0.038985              0.983956   2995
2996  0.034840              0.986395   2996
2997  0.038406              0.985111   2997
2998  0.036706              0.984983   2998
2999  0.036066              0.985239   2999
true count 2115  false count 483
accuracy rate 0.8140877598152425

_________________________________________________________________
Layer (type)                 Output Shape              Param #   
=================================================================
flatten_15 (Flatten)         (None, 36)                0         
_________________________________________________________________
dense_30 (Dense)             (None, 100)               3700      
_________________________________________________________________
dense_31 (Dense)             (None, 9)                 909       
=================================================================
Total params: 4,609
Trainable params: 4,609
Non-trainable params: 0
_________________________________________________________________
1.7456581050602038
............................................................0.10039588010784689
............................................................0.04120840815744291
............................................................0.03319213029758403
............................................................0.032360330342738663
............................................................
           loss  categorical_accuracy  epoch
2995  0.033075              0.985368   2995
2996  0.033230              0.984983   2996
2997  0.032877              0.984983   2997
2998  0.034114              0.984983   2998
2999  0.035055              0.984983   2999
true count 1992  false count 606
accuracy rate 0.766743648960739

1.7211396893860058
............................................................0.07791618135592901
............................................................0.03432341213186861
............................................................0.03223345083203786
............................................................0.03220860862601595
............................................................
           loss  categorical_accuracy  epoch
2995  0.032900              0.986523   2995
2996  0.033484              0.986138   2996
2997  0.032502              0.984598   2997
2998  0.033124              0.986266   2998
2999  0.032125              0.985496   2999
true count 1999  false count 599
accuracy rate 0.7694380292532718

1.726458907647611
............................................................0.08367791706788197
............................................................0.03501254615798629
............................................................0.031503812403243237
............................................................0.03226061797630414
............................................................
           loss  categorical_accuracy  epoch
2995  0.033886              0.985496   2995
2996  0.031134              0.984983   2996
2997  0.033870              0.986523   2997
2998  0.032131              0.985881   2998
2999  0.033717              0.986009   2999
true count 1983  false count 615
accuracy rate 0.7632794457274826

1.6699829948620166
............................................................0.07161365840390388
............................................................0.0315855456123583
............................................................0.02998555375440848
............................................................0.03098565959865917
............................................................
           loss  categorical_accuracy  epoch
2995  0.031304              0.985368   2995
2996  0.030509              0.986138   2996
2997  0.030230              0.986395   2997
2998  0.030707              0.986908   2998
2999  0.030255              0.985753   2999
true count 2019  false count 579
accuracy rate 0.7771362586605081

1.7475181969334295
............................................................0.09415554565950958
............................................................0.0369828890183322
............................................................0.03109300497428258
............................................................0.031967302214156085
............................................................
           loss  categorical_accuracy  epoch
2995  0.032019              0.984983   2995
2996  0.031960              0.985368   2996
2997  0.032117              0.985368   2997
2998  0.031638              0.984854   2998
2999  0.032341              0.985111   2999
true count 2031  false count 567
accuracy rate 0.7817551963048499

_________________________________________________________________
Layer (type)                 Output Shape              Param #   
=================================================================
flatten_20 (Flatten)         (None, 36)                0         
_________________________________________________________________
dense_40 (Dense)             (None, 50)                1850      
_________________________________________________________________
dense_41 (Dense)             (None, 9)                 459       
=================================================================
Total params: 2,309
Trainable params: 2,309
Non-trainable params: 0
_________________________________________________________________
1.8666340031132376
............................................................0.28576039472106424
............................................................0.2602855194871163
............................................................0.25311138537036887
............................................................0.2504420748931761
............................................................
           loss  categorical_accuracy  epoch
2995  0.252555              0.914773   2995
2996  0.252078              0.917854   2996
2997  0.252322              0.920293   2997
2998  0.252535              0.915929   2998
2999  0.253098              0.917854   2999
true count 1949  false count 649
accuracy rate 0.7501924557351809

1.8655312661717018
............................................................0.30662414435397184
............................................................0.282943405567674
............................................................0.2749218049381101
............................................................0.26794758913009314
............................................................
           loss  categorical_accuracy  epoch
2995  0.260691              0.911436   2995
2996  0.261899              0.909768   2996
2997  0.262001              0.911950   2997
2998  0.261574              0.911308   2998
2999  0.261231              0.914388   2999
true count 2017  false count 581
accuracy rate 0.7763664357197845

1.8824173701374083
............................................................0.2835988763754702
............................................................0.25663073542809367
............................................................0.24581398862253762
............................................................0.23384964081277407
............................................................
           loss  categorical_accuracy  epoch
2995  0.232011              0.921191   2995
2996  0.229493              0.923887   2996
2997  0.229614              0.923887   2997
2998  0.231103              0.919394   2998
2999  0.231308              0.920549   2999
true count 2004  false count 594
accuracy rate 0.7713625866050808

1.8195274298800965
............................................................0.30653864138202264
............................................................0.2723875992328116
............................................................0.25542682441418385
............................................................0.2459463871821346
............................................................
           loss  categorical_accuracy  epoch
2995  0.242776              0.921191   2995
2996  0.242863              0.918881   2996
2997  0.242345              0.920934   2997
2998  0.244186              0.921576   2998
2999  0.242173              0.920549   2999
true count 2014  false count 584
accuracy rate 0.775211701308699

1.8667506683379231
............................................................0.29939880039140787
............................................................0.27147050329846606
............................................................0.25982638412615316
............................................................0.2545652628143858
............................................................
           loss  categorical_accuracy  epoch
2995  0.254045              0.914260   2995
2996  0.255618              0.914645   2996
2997  0.254317              0.915159   2997
2998  0.254427              0.915159   2998
2999  0.252390              0.915287   2999
true count 1999  false count 599
accuracy rate 0.7694380292532718

result acc mean
 {1000: 0.98552, 500: 0.98539, 300: 0.98606, 100: 0.98547, 50: 0.91773}
result acc std
 {1000: 0.000996, 500: 0.000626, 300: 0.000755, 100: 0.000384, 50: 0.002571}
pred accuracy rate(mean)
 {1000: 0.7997, 500: 0.807, 300: 0.8075, 100: 0.7717, 50: 0.7717}
time (sec)
 {1000: 2728.7, 500: 5025.1, 300: 7183.7, 100: 9185.4, 50: 11202.7}
